Copyright 1986-2020 Xilinx, Inc. All Rights Reserved.
-------------------------------------------------------------------------------------------------------------------------------
| Tool Version     : Vivado v.2020.2 (win64) Build 3064766 Wed Nov 18 09:12:45 MST 2020
| Date             : Tue Mar 10 02:10:20 2026
| Host             : ispc_JPH245YLQ9 running 64-bit major release  (build 9200)
| Command          : report_power -file top_power_routed.rpt -pb top_power_summary_routed.pb -rpx top_power_routed.rpx
| Design           : top
| Device           : xc7a100tcsg324-1
| Design State     : routed
| Grade            : commercial
| Process          : typical
| Characterization : Production
-------------------------------------------------------------------------------------------------------------------------------

Power Report

Table of Contents
-----------------
1. Summary
1.1 On-Chip Components
1.2 Power Supply Summary
1.3 Confidence Level
2. Settings
2.1 Environment
2.2 Clock Constraints
3. Detailed Reports
3.1 By Hierarchy

1. Summary
----------

+--------------------------+--------------+
| Total On-Chip Power (W)  | 1.023        |
| Design Power Budget (W)  | Unspecified* |
| Power Budget Margin (W)  | NA           |
| Dynamic (W)              | 0.915        |
| Device Static (W)        | 0.108        |
| Effective TJA (C/W)      | 4.6          |
| Max Ambient (C)          | 80.3         |
| Junction Temperature (C) | 29.7         |
| Confidence Level         | Low          |
| Setting File             | ---          |
| Simulation Activity File | ---          |
| Design Nets Matched      | NA           |
+--------------------------+--------------+
* Specify Design Power Budget using, set_operating_conditions -design_power_budget <value in Watts>


1.1 On-Chip Components
----------------------

+--------------------------+-----------+----------+-----------+-----------------+
| On-Chip                  | Power (W) | Used     | Available | Utilization (%) |
+--------------------------+-----------+----------+-----------+-----------------+
| Clocks                   |     0.018 |       46 |       --- |             --- |
| Slice Logic              |     0.009 |    24951 |       --- |             --- |
|   LUT as Logic           |     0.008 |    12167 |     63400 |           19.19 |
|   Register               |    <0.001 |     7773 |    126800 |            6.13 |
|   LUT as Distributed RAM |    <0.001 |     1162 |     19000 |            6.12 |
|   CARRY4                 |    <0.001 |      281 |     15850 |            1.77 |
|   F7/F8 Muxes            |    <0.001 |      999 |     63400 |            1.58 |
|   LUT as Shift Register  |    <0.001 |       20 |     19000 |            0.11 |
|   Others                 |     0.000 |      253 |       --- |             --- |
| Signals                  |     0.010 |    19462 |       --- |             --- |
| Block RAM                |     0.006 |       17 |       135 |           12.59 |
| MMCM                     |     0.195 |        2 |         6 |           33.33 |
| PLL                      |     0.090 |        1 |         6 |           16.67 |
| DSPs                     |     0.003 |       10 |       240 |            4.17 |
| I/O                      |     0.510 |       66 |       210 |           31.43 |
| PHASER                   |     0.070 |       14 |       --- |             --- |
| XADC                     |     0.004 |        1 |       --- |             --- |
| Static Power             |     0.108 |          |           |                 |
| Total                    |     1.023 |          |           |                 |
+--------------------------+-----------+----------+-----------+-----------------+


1.2 Power Supply Summary
------------------------

+-----------+-------------+-----------+-------------+------------+-------------+-------------+------------+
| Source    | Voltage (V) | Total (A) | Dynamic (A) | Static (A) | Powerup (A) | Budget (A)  | Margin (A) |
+-----------+-------------+-----------+-------------+------------+-------------+-------------+------------+
| Vccint    |       1.000 |     0.087 |       0.068 |      0.018 |       NA    | Unspecified | NA         |
| Vccaux    |       1.800 |     0.254 |       0.236 |      0.018 |       NA    | Unspecified | NA         |
| Vcco33    |       3.300 |     0.004 |       0.000 |      0.004 |       NA    | Unspecified | NA         |
| Vcco25    |       2.500 |     0.000 |       0.000 |      0.000 |       NA    | Unspecified | NA         |
| Vcco18    |       1.800 |     0.237 |       0.233 |      0.004 |       NA    | Unspecified | NA         |
| Vcco15    |       1.500 |     0.000 |       0.000 |      0.000 |       NA    | Unspecified | NA         |
| Vcco135   |       1.350 |     0.000 |       0.000 |      0.000 |       NA    | Unspecified | NA         |
| Vcco12    |       1.200 |     0.000 |       0.000 |      0.000 |       NA    | Unspecified | NA         |
| Vccaux_io |       1.800 |     0.000 |       0.000 |      0.000 |       NA    | Unspecified | NA         |
| Vccbram   |       1.000 |     0.001 |       0.000 |      0.001 |       NA    | Unspecified | NA         |
| MGTAVcc   |       1.000 |     0.000 |       0.000 |      0.000 |       NA    | Unspecified | NA         |
| MGTAVtt   |       1.200 |     0.000 |       0.000 |      0.000 |       NA    | Unspecified | NA         |
| Vccadc    |       1.800 |     0.022 |       0.002 |      0.020 |       NA    | Unspecified | NA         |
+-----------+-------------+-----------+-------------+------------+-------------+-------------+------------+


1.3 Confidence Level
--------------------

+-----------------------------+------------+--------------------------------------------------------+------------------------------------------------------------------------------------------------------------+
| User Input Data             | Confidence | Details                                                | Action                                                                                                     |
+-----------------------------+------------+--------------------------------------------------------+------------------------------------------------------------------------------------------------------------+
| Design implementation state | High       | Design is routed                                       |                                                                                                            |
| Clock nodes activity        | High       | User specified more than 95% of clocks                 |                                                                                                            |
| I/O nodes activity          | Low        | More than 75% of inputs are missing user specification | Provide missing input activity with simulation results or by editing the "By Resource Type -> I/Os" view   |
| Internal nodes activity     | Medium     | User specified less than 25% of internal nodes         | Provide missing internal nodes activity with simulation results or by editing the "By Resource Type" views |
| Device models               | High       | Device models are Production                           |                                                                                                            |
|                             |            |                                                        |                                                                                                            |
| Overall confidence level    | Low        |                                                        |                                                                                                            |
+-----------------------------+------------+--------------------------------------------------------+------------------------------------------------------------------------------------------------------------+


2. Settings
-----------

2.1 Environment
---------------

+-----------------------+--------------------------+
| Ambient Temp (C)      | 25.0                     |
| ThetaJA (C/W)         | 4.6                      |
| Airflow (LFM)         | 250                      |
| Heat Sink             | medium (Medium Profile)  |
| ThetaSA (C/W)         | 4.6                      |
| Board Selection       | medium (10"x10")         |
| # of Board Layers     | 12to15 (12 to 15 Layers) |
| Board Temperature (C) | 25.0                     |
+-----------------------+--------------------------+


2.2 Clock Constraints
---------------------

+-------------------------------------------------------------------------------------------------------------------------------------------------------------+---------------------------------------------------------------------------------------------------------------------------------------------------------------------------------------------------------------------------------+-----------------+
| Clock                                                                                                                                                       | Domain                                                                                                                                                                                                                          | Constraint (ns) |
+-------------------------------------------------------------------------------------------------------------------------------------------------------------+---------------------------------------------------------------------------------------------------------------------------------------------------------------------------------------------------------------------------------+-----------------+
| clk                                                                                                                                                         | clk                                                                                                                                                                                                                             |            10.0 |
| clk_out1_clk_wiz_0                                                                                                                                          | cachecontroller_inst/clk_gen/inst/clk_out1_clk_wiz_0                                                                                                                                                                            |             5.0 |
| clk_out1_clk_wiz_0_1                                                                                                                                        | cachecontroller_inst/clk_gen/inst/clk_out1_clk_wiz_0                                                                                                                                                                            |             5.0 |
| clk_out2_clk_wiz_0                                                                                                                                          | cachecontroller_inst/clk_gen/inst/clk_out2_clk_wiz_0                                                                                                                                                                            |            40.0 |
| clk_out2_clk_wiz_0_1                                                                                                                                        | cachecontroller_inst/clk_gen/inst/clk_out2_clk_wiz_0                                                                                                                                                                            |            40.0 |
| clk_pll_i                                                                                                                                                   | cachecontroller_inst/dram_controller/mig/u_mig_7series_0_mig/u_ddr2_infrastructure/clk_pll_i                                                                                                                                    |            20.0 |
| clk_pll_i_1                                                                                                                                                 | cachecontroller_inst/dram_controller/mig/u_mig_7series_0_mig/u_ddr2_infrastructure/clk_pll_i                                                                                                                                    |            20.0 |
| clkfbout_clk_wiz_0                                                                                                                                          | cachecontroller_inst/clk_gen/inst/clkfbout_clk_wiz_0                                                                                                                                                                            |            10.0 |
| clkfbout_clk_wiz_0_1                                                                                                                                        | cachecontroller_inst/clk_gen/inst/clkfbout_clk_wiz_0                                                                                                                                                                            |            10.0 |
| freq_refclk                                                                                                                                                 | cachecontroller_inst/dram_controller/mig/u_mig_7series_0_mig/u_ddr2_infrastructure/freq_refclk                                                                                                                                  |             2.5 |
| freq_refclk_1                                                                                                                                               | cachecontroller_inst/dram_controller/mig/u_mig_7series_0_mig/u_ddr2_infrastructure/freq_refclk                                                                                                                                  |             2.5 |
| iserdes_clkdiv                                                                                                                                              | cachecontroller_inst/dram_controller/mig/u_mig_7series_0_mig/u_memc_ui_top_std/mem_intfc0/ddr_phy_top0/u_ddr_mc_phy_wrapper/u_ddr_mc_phy/ddr_phy_4lanes_0.u_ddr_phy_4lanes/ddr_byte_lane_A.ddr_byte_lane_A/iserdes_clkdiv       |            20.0 |
| iserdes_clkdiv_1                                                                                                                                            | cachecontroller_inst/dram_controller/mig/u_mig_7series_0_mig/u_memc_ui_top_std/mem_intfc0/ddr_phy_top0/u_ddr_mc_phy_wrapper/u_ddr_mc_phy/ddr_phy_4lanes_0.u_ddr_phy_4lanes/ddr_byte_lane_C.ddr_byte_lane_C/iserdes_clkdiv       |            20.0 |
| iserdes_clkdiv_2                                                                                                                                            | cachecontroller_inst/dram_controller/mig/u_mig_7series_0_mig/u_memc_ui_top_std/mem_intfc0/ddr_phy_top0/u_ddr_mc_phy_wrapper/u_ddr_mc_phy/ddr_phy_4lanes_0.u_ddr_phy_4lanes/ddr_byte_lane_A.ddr_byte_lane_A/iserdes_clkdiv       |            20.0 |
| iserdes_clkdiv_3                                                                                                                                            | cachecontroller_inst/dram_controller/mig/u_mig_7series_0_mig/u_memc_ui_top_std/mem_intfc0/ddr_phy_top0/u_ddr_mc_phy_wrapper/u_ddr_mc_phy/ddr_phy_4lanes_0.u_ddr_phy_4lanes/ddr_byte_lane_C.ddr_byte_lane_C/iserdes_clkdiv       |            20.0 |
| mem_refclk                                                                                                                                                  | cachecontroller_inst/dram_controller/mig/u_mig_7series_0_mig/u_ddr2_infrastructure/mem_refclk                                                                                                                                   |             5.0 |
| mem_refclk_1                                                                                                                                                | cachecontroller_inst/dram_controller/mig/u_mig_7series_0_mig/u_ddr2_infrastructure/mem_refclk                                                                                                                                   |             5.0 |
| oserdes_clk                                                                                                                                                 | cachecontroller_inst/dram_controller/mig/u_mig_7series_0_mig/u_memc_ui_top_std/mem_intfc0/ddr_phy_top0/u_ddr_mc_phy_wrapper/u_ddr_mc_phy/ddr_phy_4lanes_0.u_ddr_phy_4lanes/ddr_byte_lane_A.ddr_byte_lane_A/oserdes_clk          |             5.0 |
| oserdes_clk_1                                                                                                                                               | cachecontroller_inst/dram_controller/mig/u_mig_7series_0_mig/u_memc_ui_top_std/mem_intfc0/ddr_phy_top0/u_ddr_mc_phy_wrapper/u_ddr_mc_phy/ddr_phy_4lanes_0.u_ddr_phy_4lanes/ddr_byte_lane_B.ddr_byte_lane_B/oserdes_clk          |             5.0 |
| oserdes_clk_2                                                                                                                                               | cachecontroller_inst/dram_controller/mig/u_mig_7series_0_mig/u_memc_ui_top_std/mem_intfc0/ddr_phy_top0/u_ddr_mc_phy_wrapper/u_ddr_mc_phy/ddr_phy_4lanes_0.u_ddr_phy_4lanes/ddr_byte_lane_C.ddr_byte_lane_C/oserdes_clk          |             5.0 |
| oserdes_clk_3                                                                                                                                               | cachecontroller_inst/dram_controller/mig/u_mig_7series_0_mig/u_memc_ui_top_std/mem_intfc0/ddr_phy_top0/u_ddr_mc_phy_wrapper/u_ddr_mc_phy/ddr_phy_4lanes_0.u_ddr_phy_4lanes/ddr_byte_lane_D.ddr_byte_lane_D/oserdes_clk          |             5.0 |
| oserdes_clk_4                                                                                                                                               | cachecontroller_inst/dram_controller/mig/u_mig_7series_0_mig/u_memc_ui_top_std/mem_intfc0/ddr_phy_top0/u_ddr_mc_phy_wrapper/u_ddr_mc_phy/ddr_phy_4lanes_0.u_ddr_phy_4lanes/ddr_byte_lane_A.ddr_byte_lane_A/oserdes_clk          |             5.0 |
| oserdes_clk_5                                                                                                                                               | cachecontroller_inst/dram_controller/mig/u_mig_7series_0_mig/u_memc_ui_top_std/mem_intfc0/ddr_phy_top0/u_ddr_mc_phy_wrapper/u_ddr_mc_phy/ddr_phy_4lanes_0.u_ddr_phy_4lanes/ddr_byte_lane_B.ddr_byte_lane_B/oserdes_clk          |             5.0 |
| oserdes_clk_6                                                                                                                                               | cachecontroller_inst/dram_controller/mig/u_mig_7series_0_mig/u_memc_ui_top_std/mem_intfc0/ddr_phy_top0/u_ddr_mc_phy_wrapper/u_ddr_mc_phy/ddr_phy_4lanes_0.u_ddr_phy_4lanes/ddr_byte_lane_C.ddr_byte_lane_C/oserdes_clk          |             5.0 |
| oserdes_clk_7                                                                                                                                               | cachecontroller_inst/dram_controller/mig/u_mig_7series_0_mig/u_memc_ui_top_std/mem_intfc0/ddr_phy_top0/u_ddr_mc_phy_wrapper/u_ddr_mc_phy/ddr_phy_4lanes_0.u_ddr_phy_4lanes/ddr_byte_lane_D.ddr_byte_lane_D/oserdes_clk          |             5.0 |
| oserdes_clkdiv                                                                                                                                              | cachecontroller_inst/dram_controller/mig/u_mig_7series_0_mig/u_memc_ui_top_std/mem_intfc0/ddr_phy_top0/u_ddr_mc_phy_wrapper/u_ddr_mc_phy/ddr_phy_4lanes_0.u_ddr_phy_4lanes/ddr_byte_lane_A.ddr_byte_lane_A/oserdes_clkdiv       |            10.0 |
| oserdes_clkdiv_1                                                                                                                                            | cachecontroller_inst/dram_controller/mig/u_mig_7series_0_mig/u_memc_ui_top_std/mem_intfc0/ddr_phy_top0/u_ddr_mc_phy_wrapper/u_ddr_mc_phy/ddr_phy_4lanes_0.u_ddr_phy_4lanes/ddr_byte_lane_B.ddr_byte_lane_B/oserdes_clkdiv       |            20.0 |
| oserdes_clkdiv_2                                                                                                                                            | cachecontroller_inst/dram_controller/mig/u_mig_7series_0_mig/u_memc_ui_top_std/mem_intfc0/ddr_phy_top0/u_ddr_mc_phy_wrapper/u_ddr_mc_phy/ddr_phy_4lanes_0.u_ddr_phy_4lanes/ddr_byte_lane_C.ddr_byte_lane_C/oserdes_clkdiv       |            10.0 |
| oserdes_clkdiv_3                                                                                                                                            | cachecontroller_inst/dram_controller/mig/u_mig_7series_0_mig/u_memc_ui_top_std/mem_intfc0/ddr_phy_top0/u_ddr_mc_phy_wrapper/u_ddr_mc_phy/ddr_phy_4lanes_0.u_ddr_phy_4lanes/ddr_byte_lane_D.ddr_byte_lane_D/oserdes_clkdiv       |            20.0 |
| oserdes_clkdiv_4                                                                                                                                            | cachecontroller_inst/dram_controller/mig/u_mig_7series_0_mig/u_memc_ui_top_std/mem_intfc0/ddr_phy_top0/u_ddr_mc_phy_wrapper/u_ddr_mc_phy/ddr_phy_4lanes_0.u_ddr_phy_4lanes/ddr_byte_lane_A.ddr_byte_lane_A/oserdes_clkdiv       |            10.0 |
| oserdes_clkdiv_5                                                                                                                                            | cachecontroller_inst/dram_controller/mig/u_mig_7series_0_mig/u_memc_ui_top_std/mem_intfc0/ddr_phy_top0/u_ddr_mc_phy_wrapper/u_ddr_mc_phy/ddr_phy_4lanes_0.u_ddr_phy_4lanes/ddr_byte_lane_B.ddr_byte_lane_B/oserdes_clkdiv       |            20.0 |
| oserdes_clkdiv_6                                                                                                                                            | cachecontroller_inst/dram_controller/mig/u_mig_7series_0_mig/u_memc_ui_top_std/mem_intfc0/ddr_phy_top0/u_ddr_mc_phy_wrapper/u_ddr_mc_phy/ddr_phy_4lanes_0.u_ddr_phy_4lanes/ddr_byte_lane_C.ddr_byte_lane_C/oserdes_clkdiv       |            10.0 |
| oserdes_clkdiv_7                                                                                                                                            | cachecontroller_inst/dram_controller/mig/u_mig_7series_0_mig/u_memc_ui_top_std/mem_intfc0/ddr_phy_top0/u_ddr_mc_phy_wrapper/u_ddr_mc_phy/ddr_phy_4lanes_0.u_ddr_phy_4lanes/ddr_byte_lane_D.ddr_byte_lane_D/oserdes_clkdiv       |            20.0 |
| pll_clk3_out                                                                                                                                                | cachecontroller_inst/dram_controller/mig/u_mig_7series_0_mig/u_ddr2_infrastructure/pll_clk3_out                                                                                                                                 |            20.0 |
| pll_clk3_out_1                                                                                                                                              | cachecontroller_inst/dram_controller/mig/u_mig_7series_0_mig/u_ddr2_infrastructure/pll_clk3_out                                                                                                                                 |            20.0 |
| pll_clkfbout                                                                                                                                                | cachecontroller_inst/dram_controller/mig/u_mig_7series_0_mig/u_ddr2_infrastructure/pll_clkfbout                                                                                                                                 |             5.0 |
| pll_clkfbout_1                                                                                                                                              | cachecontroller_inst/dram_controller/mig/u_mig_7series_0_mig/u_ddr2_infrastructure/pll_clkfbout                                                                                                                                 |             5.0 |
| sync_pulse                                                                                                                                                  | cachecontroller_inst/dram_controller/mig/u_mig_7series_0_mig/u_ddr2_infrastructure/sync_pulse                                                                                                                                   |            80.0 |
| sync_pulse_1                                                                                                                                                | cachecontroller_inst/dram_controller/mig/u_mig_7series_0_mig/u_ddr2_infrastructure/sync_pulse                                                                                                                                   |            80.0 |
| sys_clk_pin                                                                                                                                                 | clk                                                                                                                                                                                                                             |            10.0 |
| u_memc_ui_top_std/mem_intfc0/ddr_phy_top0/u_ddr_mc_phy_wrapper/u_ddr_mc_phy/ddr_phy_4lanes_0.u_ddr_phy_4lanes/ddr_byte_lane_A.ddr_byte_lane_A/iserdes_clk   | cachecontroller_inst/dram_controller/mig/u_mig_7series_0_mig/u_memc_ui_top_std/mem_intfc0/ddr_phy_top0/u_ddr_mc_phy_wrapper/u_ddr_mc_phy/ddr_phy_4lanes_0.u_ddr_phy_4lanes/ddr_byte_lane_A.ddr_byte_lane_A/A_rst_primitives_reg |             5.0 |
| u_memc_ui_top_std/mem_intfc0/ddr_phy_top0/u_ddr_mc_phy_wrapper/u_ddr_mc_phy/ddr_phy_4lanes_0.u_ddr_phy_4lanes/ddr_byte_lane_A.ddr_byte_lane_A/iserdes_clk_1 | cachecontroller_inst/dram_controller/mig/u_mig_7series_0_mig/u_memc_ui_top_std/mem_intfc0/ddr_phy_top0/u_ddr_mc_phy_wrapper/u_ddr_mc_phy/ddr_phy_4lanes_0.u_ddr_phy_4lanes/ddr_byte_lane_A.ddr_byte_lane_A/A_rst_primitives_reg |             5.0 |
| u_memc_ui_top_std/mem_intfc0/ddr_phy_top0/u_ddr_mc_phy_wrapper/u_ddr_mc_phy/ddr_phy_4lanes_0.u_ddr_phy_4lanes/ddr_byte_lane_C.ddr_byte_lane_C/iserdes_clk   | cachecontroller_inst/dram_controller/mig/u_mig_7series_0_mig/u_memc_ui_top_std/mem_intfc0/ddr_phy_top0/u_ddr_mc_phy_wrapper/u_ddr_mc_phy/ddr_phy_4lanes_0.u_ddr_phy_4lanes/ddr_byte_lane_C.ddr_byte_lane_C/A_rst_primitives_reg |             5.0 |
| u_memc_ui_top_std/mem_intfc0/ddr_phy_top0/u_ddr_mc_phy_wrapper/u_ddr_mc_phy/ddr_phy_4lanes_0.u_ddr_phy_4lanes/ddr_byte_lane_C.ddr_byte_lane_C/iserdes_clk_1 | cachecontroller_inst/dram_controller/mig/u_mig_7series_0_mig/u_memc_ui_top_std/mem_intfc0/ddr_phy_top0/u_ddr_mc_phy_wrapper/u_ddr_mc_phy/ddr_phy_4lanes_0.u_ddr_phy_4lanes/ddr_byte_lane_C.ddr_byte_lane_C/A_rst_primitives_reg |             5.0 |
+-------------------------------------------------------------------------------------------------------------------------------------------------------------+---------------------------------------------------------------------------------------------------------------------------------------------------------------------------------------------------------------------------------+-----------------+


3. Detailed Reports
-------------------

3.1 By Hierarchy
----------------

+------------------------+-----------+
| Name                   | Power (W) |
+------------------------+-----------+
| top                    |     0.915 |
|   cachecontroller_inst |     0.895 |
|     cache_inst         |     0.001 |
|     clk_gen            |     0.107 |
|       inst             |     0.107 |
|     dram_buf           |     0.004 |
|       request_fifo     |     0.003 |
|     dram_controller    |     0.783 |
|       mig              |     0.782 |
|   mips_core            |     0.019 |
|     fpu_unit           |     0.016 |
|       u_fadd           |     0.003 |
|       u_fdiv           |     0.005 |
|       u_fmul           |     0.001 |
|       u_fsqrt          |     0.003 |
|     rf_unit            |     0.001 |
+------------------------+-----------+


