Copyright 1986-2020 Xilinx, Inc. All Rights Reserved.
------------------------------------------------------------------------------------------------------------------------------------------
| Tool Version : Vivado v.2020.2 (win64) Build 3064766 Wed Nov 18 09:12:45 MST 2020
| Date         : Mon Mar  9 15:19:28 2026
| Host         : ispc_JPH245YLQ9 running 64-bit major release  (build 9200)
| Command      : report_bus_skew -warn_on_violation -file top_bus_skew_routed.rpt -pb top_bus_skew_routed.pb -rpx top_bus_skew_routed.rpx
| Design       : top
| Device       : 7a100t-csg324
| Speed File   : -1  PRODUCTION 1.23 2018-06-13
------------------------------------------------------------------------------------------------------------------------------------------

Bus Skew Report

Table of Contents
-----------------
1. Bus Skew Report Summary
2. Bus Skew Report Per Constraint

1. Bus Skew Report Summary
--------------------------

Id  Position  From                            To                              Corner  Requirement(ns)  Actual(ns)  Slack(ns)
--  --------  ------------------------------  ------------------------------  ------  ---------------  ----------  ---------
1   18        [get_cells [list {cachecontroller_inst/dram_buf/request_fifo/U0/inst_fifo_gen/gconvfifo.rf/grf.rf/gntv_or_sync_fifo.gcx.clkx/rd_pntr_cdc_inst/src_gray_ff_reg[0]} {cachecontroller_inst/dram_buf/request_fifo/U0/inst_fifo_gen/gconvfifo.rf/grf.rf/gntv_or_sync_fifo.gcx.clkx/rd_pntr_cdc_inst/src_gray_ff_reg[1]} {cachecontroller_inst/dram_buf/request_fifo/U0/inst_fifo_gen/gconvfifo.rf/grf.rf/gntv_or_sync_fifo.gcx.clkx/rd_pntr_cdc_inst/src_gray_ff_reg[2]} {cachecontroller_inst/dram_buf/request_fifo/U0/inst_fifo_gen/gconvfifo.rf/grf.rf/gntv_or_sync_fifo.gcx.clkx/rd_pntr_cdc_inst/src_gray_ff_reg[3]} {cachecontroller_inst/dram_buf/request_fifo/U0/inst_fifo_gen/gconvfifo.rf/grf.rf/gntv_or_sync_fifo.gcx.clkx/rd_pntr_cdc_inst/src_gray_ff_reg[4]} {cachecontroller_inst/dram_buf/request_fifo/U0/inst_fifo_gen/gconvfifo.rf/grf.rf/gntv_or_sync_fifo.gcx.clkx/rd_pntr_cdc_inst/src_gray_ff_reg[5]} {cachecontroller_inst/dram_buf/request_fifo/U0/inst_fifo_gen/gconvfifo.rf/grf.rf/gntv_or_sync_fifo.gcx.clkx/rd_pntr_cdc_inst/src_gray_ff_reg[6]} {cachecontroller_inst/dram_buf/request_fifo/U0/inst_fifo_gen/gconvfifo.rf/grf.rf/gntv_or_sync_fifo.gcx.clkx/rd_pntr_cdc_inst/src_gray_ff_reg[7]} {cachecontroller_inst/dram_buf/request_fifo/U0/inst_fifo_gen/gconvfifo.rf/grf.rf/gntv_or_sync_fifo.gcx.clkx/rd_pntr_cdc_inst/src_gray_ff_reg[8]} {cachecontroller_inst/dram_buf/request_fifo/U0/inst_fifo_gen/gconvfifo.rf/grf.rf/gntv_or_sync_fifo.gcx.clkx/rd_pntr_cdc_inst/src_gray_ff_reg[9]}]]
                                              [get_cells [list {cachecontroller_inst/dram_buf/request_fifo/U0/inst_fifo_gen/gconvfifo.rf/grf.rf/gntv_or_sync_fifo.gcx.clkx/rd_pntr_cdc_inst/dest_graysync_ff_reg[0][0]} {cachecontroller_inst/dram_buf/request_fifo/U0/inst_fifo_gen/gconvfifo.rf/grf.rf/gntv_or_sync_fifo.gcx.clkx/rd_pntr_cdc_inst/dest_graysync_ff_reg[0][1]} {cachecontroller_inst/dram_buf/request_fifo/U0/inst_fifo_gen/gconvfifo.rf/grf.rf/gntv_or_sync_fifo.gcx.clkx/rd_pntr_cdc_inst/dest_graysync_ff_reg[0][2]} {cachecontroller_inst/dram_buf/request_fifo/U0/inst_fifo_gen/gconvfifo.rf/grf.rf/gntv_or_sync_fifo.gcx.clkx/rd_pntr_cdc_inst/dest_graysync_ff_reg[0][3]} {cachecontroller_inst/dram_buf/request_fifo/U0/inst_fifo_gen/gconvfifo.rf/grf.rf/gntv_or_sync_fifo.gcx.clkx/rd_pntr_cdc_inst/dest_graysync_ff_reg[0][4]} {cachecontroller_inst/dram_buf/request_fifo/U0/inst_fifo_gen/gconvfifo.rf/grf.rf/gntv_or_sync_fifo.gcx.clkx/rd_pntr_cdc_inst/dest_graysync_ff_reg[0][5]} {cachecontroller_inst/dram_buf/request_fifo/U0/inst_fifo_gen/gconvfifo.rf/grf.rf/gntv_or_sync_fifo.gcx.clkx/rd_pntr_cdc_inst/dest_graysync_ff_reg[0][6]} {cachecontroller_inst/dram_buf/request_fifo/U0/inst_fifo_gen/gconvfifo.rf/grf.rf/gntv_or_sync_fifo.gcx.clkx/rd_pntr_cdc_inst/dest_graysync_ff_reg[0][7]} {cachecontroller_inst/dram_buf/request_fifo/U0/inst_fifo_gen/gconvfifo.rf/grf.rf/gntv_or_sync_fifo.gcx.clkx/rd_pntr_cdc_inst/dest_graysync_ff_reg[0][8]} {cachecontroller_inst/dram_buf/request_fifo/U0/inst_fifo_gen/gconvfifo.rf/grf.rf/gntv_or_sync_fifo.gcx.clkx/rd_pntr_cdc_inst/dest_graysync_ff_reg[0][9]}]]
                                                                              Slow             20.000       1.124     18.876
2   20        [get_cells [list {cachecontroller_inst/dram_buf/request_fifo/U0/inst_fifo_gen/gconvfifo.rf/grf.rf/gntv_or_sync_fifo.gcx.clkx/wr_pntr_cdc_inst/src_gray_ff_reg[0]} {cachecontroller_inst/dram_buf/request_fifo/U0/inst_fifo_gen/gconvfifo.rf/grf.rf/gntv_or_sync_fifo.gcx.clkx/wr_pntr_cdc_inst/src_gray_ff_reg[1]} {cachecontroller_inst/dram_buf/request_fifo/U0/inst_fifo_gen/gconvfifo.rf/grf.rf/gntv_or_sync_fifo.gcx.clkx/wr_pntr_cdc_inst/src_gray_ff_reg[2]} {cachecontroller_inst/dram_buf/request_fifo/U0/inst_fifo_gen/gconvfifo.rf/grf.rf/gntv_or_sync_fifo.gcx.clkx/wr_pntr_cdc_inst/src_gray_ff_reg[3]} {cachecontroller_inst/dram_buf/request_fifo/U0/inst_fifo_gen/gconvfifo.rf/grf.rf/gntv_or_sync_fifo.gcx.clkx/wr_pntr_cdc_inst/src_gray_ff_reg[4]} {cachecontroller_inst/dram_buf/request_fifo/U0/inst_fifo_gen/gconvfifo.rf/grf.rf/gntv_or_sync_fifo.gcx.clkx/wr_pntr_cdc_inst/src_gray_ff_reg[5]} {cachecontroller_inst/dram_buf/request_fifo/U0/inst_fifo_gen/gconvfifo.rf/grf.rf/gntv_or_sync_fifo.gcx.clkx/wr_pntr_cdc_inst/src_gray_ff_reg[6]} {cachecontroller_inst/dram_buf/request_fifo/U0/inst_fifo_gen/gconvfifo.rf/grf.rf/gntv_or_sync_fifo.gcx.clkx/wr_pntr_cdc_inst/src_gray_ff_reg[7]} {cachecontroller_inst/dram_buf/request_fifo/U0/inst_fifo_gen/gconvfifo.rf/grf.rf/gntv_or_sync_fifo.gcx.clkx/wr_pntr_cdc_inst/src_gray_ff_reg[8]} {cachecontroller_inst/dram_buf/request_fifo/U0/inst_fifo_gen/gconvfifo.rf/grf.rf/gntv_or_sync_fifo.gcx.clkx/wr_pntr_cdc_inst/src_gray_ff_reg[9]}]]
                                              [get_cells [list {cachecontroller_inst/dram_buf/request_fifo/U0/inst_fifo_gen/gconvfifo.rf/grf.rf/gntv_or_sync_fifo.gcx.clkx/wr_pntr_cdc_inst/dest_graysync_ff_reg[0][0]} {cachecontroller_inst/dram_buf/request_fifo/U0/inst_fifo_gen/gconvfifo.rf/grf.rf/gntv_or_sync_fifo.gcx.clkx/wr_pntr_cdc_inst/dest_graysync_ff_reg[0][1]} {cachecontroller_inst/dram_buf/request_fifo/U0/inst_fifo_gen/gconvfifo.rf/grf.rf/gntv_or_sync_fifo.gcx.clkx/wr_pntr_cdc_inst/dest_graysync_ff_reg[0][2]} {cachecontroller_inst/dram_buf/request_fifo/U0/inst_fifo_gen/gconvfifo.rf/grf.rf/gntv_or_sync_fifo.gcx.clkx/wr_pntr_cdc_inst/dest_graysync_ff_reg[0][3]} {cachecontroller_inst/dram_buf/request_fifo/U0/inst_fifo_gen/gconvfifo.rf/grf.rf/gntv_or_sync_fifo.gcx.clkx/wr_pntr_cdc_inst/dest_graysync_ff_reg[0][4]} {cachecontroller_inst/dram_buf/request_fifo/U0/inst_fifo_gen/gconvfifo.rf/grf.rf/gntv_or_sync_fifo.gcx.clkx/wr_pntr_cdc_inst/dest_graysync_ff_reg[0][5]} {cachecontroller_inst/dram_buf/request_fifo/U0/inst_fifo_gen/gconvfifo.rf/grf.rf/gntv_or_sync_fifo.gcx.clkx/wr_pntr_cdc_inst/dest_graysync_ff_reg[0][6]} {cachecontroller_inst/dram_buf/request_fifo/U0/inst_fifo_gen/gconvfifo.rf/grf.rf/gntv_or_sync_fifo.gcx.clkx/wr_pntr_cdc_inst/dest_graysync_ff_reg[0][7]} {cachecontroller_inst/dram_buf/request_fifo/U0/inst_fifo_gen/gconvfifo.rf/grf.rf/gntv_or_sync_fifo.gcx.clkx/wr_pntr_cdc_inst/dest_graysync_ff_reg[0][8]} {cachecontroller_inst/dram_buf/request_fifo/U0/inst_fifo_gen/gconvfifo.rf/grf.rf/gntv_or_sync_fifo.gcx.clkx/wr_pntr_cdc_inst/dest_graysync_ff_reg[0][9]}]]
                                                                              Slow             20.000       1.034     18.966
3   22        [get_cells [list {cachecontroller_inst/dram_buf/response_fifo/U0/inst_fifo_gen/gconvfifo.rf/grf.rf/gntv_or_sync_fifo.gcx.clkx/rd_pntr_cdc_inst/src_gray_ff_reg[0]} {cachecontroller_inst/dram_buf/response_fifo/U0/inst_fifo_gen/gconvfifo.rf/grf.rf/gntv_or_sync_fifo.gcx.clkx/rd_pntr_cdc_inst/src_gray_ff_reg[1]} {cachecontroller_inst/dram_buf/response_fifo/U0/inst_fifo_gen/gconvfifo.rf/grf.rf/gntv_or_sync_fifo.gcx.clkx/rd_pntr_cdc_inst/src_gray_ff_reg[2]} {cachecontroller_inst/dram_buf/response_fifo/U0/inst_fifo_gen/gconvfifo.rf/grf.rf/gntv_or_sync_fifo.gcx.clkx/rd_pntr_cdc_inst/src_gray_ff_reg[3]} {cachecontroller_inst/dram_buf/response_fifo/U0/inst_fifo_gen/gconvfifo.rf/grf.rf/gntv_or_sync_fifo.gcx.clkx/rd_pntr_cdc_inst/src_gray_ff_reg[4]} {cachecontroller_inst/dram_buf/response_fifo/U0/inst_fifo_gen/gconvfifo.rf/grf.rf/gntv_or_sync_fifo.gcx.clkx/rd_pntr_cdc_inst/src_gray_ff_reg[5]} {cachecontroller_inst/dram_buf/response_fifo/U0/inst_fifo_gen/gconvfifo.rf/grf.rf/gntv_or_sync_fifo.gcx.clkx/rd_pntr_cdc_inst/src_gray_ff_reg[6]} {cachecontroller_inst/dram_buf/response_fifo/U0/inst_fifo_gen/gconvfifo.rf/grf.rf/gntv_or_sync_fifo.gcx.clkx/rd_pntr_cdc_inst/src_gray_ff_reg[7]} {cachecontroller_inst/dram_buf/response_fifo/U0/inst_fifo_gen/gconvfifo.rf/grf.rf/gntv_or_sync_fifo.gcx.clkx/rd_pntr_cdc_inst/src_gray_ff_reg[8]} {cachecontroller_inst/dram_buf/response_fifo/U0/inst_fifo_gen/gconvfifo.rf/grf.rf/gntv_or_sync_fifo.gcx.clkx/rd_pntr_cdc_inst/src_gray_ff_reg[9]}]]
                                              [get_cells [list {cachecontroller_inst/dram_buf/response_fifo/U0/inst_fifo_gen/gconvfifo.rf/grf.rf/gntv_or_sync_fifo.gcx.clkx/rd_pntr_cdc_inst/dest_graysync_ff_reg[0][0]} {cachecontroller_inst/dram_buf/response_fifo/U0/inst_fifo_gen/gconvfifo.rf/grf.rf/gntv_or_sync_fifo.gcx.clkx/rd_pntr_cdc_inst/dest_graysync_ff_reg[0][1]} {cachecontroller_inst/dram_buf/response_fifo/U0/inst_fifo_gen/gconvfifo.rf/grf.rf/gntv_or_sync_fifo.gcx.clkx/rd_pntr_cdc_inst/dest_graysync_ff_reg[0][2]} {cachecontroller_inst/dram_buf/response_fifo/U0/inst_fifo_gen/gconvfifo.rf/grf.rf/gntv_or_sync_fifo.gcx.clkx/rd_pntr_cdc_inst/dest_graysync_ff_reg[0][3]} {cachecontroller_inst/dram_buf/response_fifo/U0/inst_fifo_gen/gconvfifo.rf/grf.rf/gntv_or_sync_fifo.gcx.clkx/rd_pntr_cdc_inst/dest_graysync_ff_reg[0][4]} {cachecontroller_inst/dram_buf/response_fifo/U0/inst_fifo_gen/gconvfifo.rf/grf.rf/gntv_or_sync_fifo.gcx.clkx/rd_pntr_cdc_inst/dest_graysync_ff_reg[0][5]} {cachecontroller_inst/dram_buf/response_fifo/U0/inst_fifo_gen/gconvfifo.rf/grf.rf/gntv_or_sync_fifo.gcx.clkx/rd_pntr_cdc_inst/dest_graysync_ff_reg[0][6]} {cachecontroller_inst/dram_buf/response_fifo/U0/inst_fifo_gen/gconvfifo.rf/grf.rf/gntv_or_sync_fifo.gcx.clkx/rd_pntr_cdc_inst/dest_graysync_ff_reg[0][7]} {cachecontroller_inst/dram_buf/response_fifo/U0/inst_fifo_gen/gconvfifo.rf/grf.rf/gntv_or_sync_fifo.gcx.clkx/rd_pntr_cdc_inst/dest_graysync_ff_reg[0][8]} {cachecontroller_inst/dram_buf/response_fifo/U0/inst_fifo_gen/gconvfifo.rf/grf.rf/gntv_or_sync_fifo.gcx.clkx/rd_pntr_cdc_inst/dest_graysync_ff_reg[0][9]}]]
                                                                              Slow             20.000       1.048     18.952
4   24        [get_cells [list {cachecontroller_inst/dram_buf/response_fifo/U0/inst_fifo_gen/gconvfifo.rf/grf.rf/gntv_or_sync_fifo.gcx.clkx/wr_pntr_cdc_inst/src_gray_ff_reg[0]} {cachecontroller_inst/dram_buf/response_fifo/U0/inst_fifo_gen/gconvfifo.rf/grf.rf/gntv_or_sync_fifo.gcx.clkx/wr_pntr_cdc_inst/src_gray_ff_reg[1]} {cachecontroller_inst/dram_buf/response_fifo/U0/inst_fifo_gen/gconvfifo.rf/grf.rf/gntv_or_sync_fifo.gcx.clkx/wr_pntr_cdc_inst/src_gray_ff_reg[2]} {cachecontroller_inst/dram_buf/response_fifo/U0/inst_fifo_gen/gconvfifo.rf/grf.rf/gntv_or_sync_fifo.gcx.clkx/wr_pntr_cdc_inst/src_gray_ff_reg[3]} {cachecontroller_inst/dram_buf/response_fifo/U0/inst_fifo_gen/gconvfifo.rf/grf.rf/gntv_or_sync_fifo.gcx.clkx/wr_pntr_cdc_inst/src_gray_ff_reg[4]} {cachecontroller_inst/dram_buf/response_fifo/U0/inst_fifo_gen/gconvfifo.rf/grf.rf/gntv_or_sync_fifo.gcx.clkx/wr_pntr_cdc_inst/src_gray_ff_reg[5]} {cachecontroller_inst/dram_buf/response_fifo/U0/inst_fifo_gen/gconvfifo.rf/grf.rf/gntv_or_sync_fifo.gcx.clkx/wr_pntr_cdc_inst/src_gray_ff_reg[6]} {cachecontroller_inst/dram_buf/response_fifo/U0/inst_fifo_gen/gconvfifo.rf/grf.rf/gntv_or_sync_fifo.gcx.clkx/wr_pntr_cdc_inst/src_gray_ff_reg[7]} {cachecontroller_inst/dram_buf/response_fifo/U0/inst_fifo_gen/gconvfifo.rf/grf.rf/gntv_or_sync_fifo.gcx.clkx/wr_pntr_cdc_inst/src_gray_ff_reg[8]} {cachecontroller_inst/dram_buf/response_fifo/U0/inst_fifo_gen/gconvfifo.rf/grf.rf/gntv_or_sync_fifo.gcx.clkx/wr_pntr_cdc_inst/src_gray_ff_reg[9]}]]
                                              [get_cells [list {cachecontroller_inst/dram_buf/response_fifo/U0/inst_fifo_gen/gconvfifo.rf/grf.rf/gntv_or_sync_fifo.gcx.clkx/wr_pntr_cdc_inst/dest_graysync_ff_reg[0][0]} {cachecontroller_inst/dram_buf/response_fifo/U0/inst_fifo_gen/gconvfifo.rf/grf.rf/gntv_or_sync_fifo.gcx.clkx/wr_pntr_cdc_inst/dest_graysync_ff_reg[0][1]} {cachecontroller_inst/dram_buf/response_fifo/U0/inst_fifo_gen/gconvfifo.rf/grf.rf/gntv_or_sync_fifo.gcx.clkx/wr_pntr_cdc_inst/dest_graysync_ff_reg[0][2]} {cachecontroller_inst/dram_buf/response_fifo/U0/inst_fifo_gen/gconvfifo.rf/grf.rf/gntv_or_sync_fifo.gcx.clkx/wr_pntr_cdc_inst/dest_graysync_ff_reg[0][3]} {cachecontroller_inst/dram_buf/response_fifo/U0/inst_fifo_gen/gconvfifo.rf/grf.rf/gntv_or_sync_fifo.gcx.clkx/wr_pntr_cdc_inst/dest_graysync_ff_reg[0][4]} {cachecontroller_inst/dram_buf/response_fifo/U0/inst_fifo_gen/gconvfifo.rf/grf.rf/gntv_or_sync_fifo.gcx.clkx/wr_pntr_cdc_inst/dest_graysync_ff_reg[0][5]} {cachecontroller_inst/dram_buf/response_fifo/U0/inst_fifo_gen/gconvfifo.rf/grf.rf/gntv_or_sync_fifo.gcx.clkx/wr_pntr_cdc_inst/dest_graysync_ff_reg[0][6]} {cachecontroller_inst/dram_buf/response_fifo/U0/inst_fifo_gen/gconvfifo.rf/grf.rf/gntv_or_sync_fifo.gcx.clkx/wr_pntr_cdc_inst/dest_graysync_ff_reg[0][7]} {cachecontroller_inst/dram_buf/response_fifo/U0/inst_fifo_gen/gconvfifo.rf/grf.rf/gntv_or_sync_fifo.gcx.clkx/wr_pntr_cdc_inst/dest_graysync_ff_reg[0][8]} {cachecontroller_inst/dram_buf/response_fifo/U0/inst_fifo_gen/gconvfifo.rf/grf.rf/gntv_or_sync_fifo.gcx.clkx/wr_pntr_cdc_inst/dest_graysync_ff_reg[0][9]}]]
                                                                              Slow             20.000       1.368     18.632


2. Bus Skew Report Per Constraint
---------------------------------

Id: 1
set_bus_skew -from [get_cells [list {cachecontroller_inst/dram_buf/request_fifo/U0/inst_fifo_gen/gconvfifo.rf/grf.rf/gntv_or_sync_fifo.gcx.clkx/rd_pntr_cdc_inst/src_gray_ff_reg[0]} {cachecontroller_inst/dram_buf/request_fifo/U0/inst_fifo_gen/gconvfifo.rf/grf.rf/gntv_or_sync_fifo.gcx.clkx/rd_pntr_cdc_inst/src_gray_ff_reg[1]} {cachecontroller_inst/dram_buf/request_fifo/U0/inst_fifo_gen/gconvfifo.rf/grf.rf/gntv_or_sync_fifo.gcx.clkx/rd_pntr_cdc_inst/src_gray_ff_reg[2]} {cachecontroller_inst/dram_buf/request_fifo/U0/inst_fifo_gen/gconvfifo.rf/grf.rf/gntv_or_sync_fifo.gcx.clkx/rd_pntr_cdc_inst/src_gray_ff_reg[3]} {cachecontroller_inst/dram_buf/request_fifo/U0/inst_fifo_gen/gconvfifo.rf/grf.rf/gntv_or_sync_fifo.gcx.clkx/rd_pntr_cdc_inst/src_gray_ff_reg[4]} {cachecontroller_inst/dram_buf/request_fifo/U0/inst_fifo_gen/gconvfifo.rf/grf.rf/gntv_or_sync_fifo.gcx.clkx/rd_pntr_cdc_inst/src_gray_ff_reg[5]} {cachecontroller_inst/dram_buf/request_fifo/U0/inst_fifo_gen/gconvfifo.rf/grf.rf/gntv_or_sync_fifo.gcx.clkx/rd_pntr_cdc_inst/src_gray_ff_reg[6]} {cachecontroller_inst/dram_buf/request_fifo/U0/inst_fifo_gen/gconvfifo.rf/grf.rf/gntv_or_sync_fifo.gcx.clkx/rd_pntr_cdc_inst/src_gray_ff_reg[7]} {cachecontroller_inst/dram_buf/request_fifo/U0/inst_fifo_gen/gconvfifo.rf/grf.rf/gntv_or_sync_fifo.gcx.clkx/rd_pntr_cdc_inst/src_gray_ff_reg[8]} {cachecontroller_inst/dram_buf/request_fifo/U0/inst_fifo_gen/gconvfifo.rf/grf.rf/gntv_or_sync_fifo.gcx.clkx/rd_pntr_cdc_inst/src_gray_ff_reg[9]}]] -to [get_cells [list {cachecontroller_inst/dram_buf/request_fifo/U0/inst_fifo_gen/gconvfifo.rf/grf.rf/gntv_or_sync_fifo.gcx.clkx/rd_pntr_cdc_inst/dest_graysync_ff_reg[0][0]} {cachecontroller_inst/dram_buf/request_fifo/U0/inst_fifo_gen/gconvfifo.rf/grf.rf/gntv_or_sync_fifo.gcx.clkx/rd_pntr_cdc_inst/dest_graysync_ff_reg[0][1]} {cachecontroller_inst/dram_buf/request_fifo/U0/inst_fifo_gen/gconvfifo.rf/grf.rf/gntv_or_sync_fifo.gcx.clkx/rd_pntr_cdc_inst/dest_graysync_ff_reg[0][2]} {cachecontroller_inst/dram_buf/request_fifo/U0/inst_fifo_gen/gconvfifo.rf/grf.rf/gntv_or_sync_fifo.gcx.clkx/rd_pntr_cdc_inst/dest_graysync_ff_reg[0][3]} {cachecontroller_inst/dram_buf/request_fifo/U0/inst_fifo_gen/gconvfifo.rf/grf.rf/gntv_or_sync_fifo.gcx.clkx/rd_pntr_cdc_inst/dest_graysync_ff_reg[0][4]} {cachecontroller_inst/dram_buf/request_fifo/U0/inst_fifo_gen/gconvfifo.rf/grf.rf/gntv_or_sync_fifo.gcx.clkx/rd_pntr_cdc_inst/dest_graysync_ff_reg[0][5]} {cachecontroller_inst/dram_buf/request_fifo/U0/inst_fifo_gen/gconvfifo.rf/grf.rf/gntv_or_sync_fifo.gcx.clkx/rd_pntr_cdc_inst/dest_graysync_ff_reg[0][6]} {cachecontroller_inst/dram_buf/request_fifo/U0/inst_fifo_gen/gconvfifo.rf/grf.rf/gntv_or_sync_fifo.gcx.clkx/rd_pntr_cdc_inst/dest_graysync_ff_reg[0][7]} {cachecontroller_inst/dram_buf/request_fifo/U0/inst_fifo_gen/gconvfifo.rf/grf.rf/gntv_or_sync_fifo.gcx.clkx/rd_pntr_cdc_inst/dest_graysync_ff_reg[0][8]} {cachecontroller_inst/dram_buf/request_fifo/U0/inst_fifo_gen/gconvfifo.rf/grf.rf/gntv_or_sync_fifo.gcx.clkx/rd_pntr_cdc_inst/dest_graysync_ff_reg[0][9]}]] 20.000
Requirement: 20.000ns
Endpoints: 10

From Clock            To Clock              Endpoint Pin                    Reference Pin                   Corner  Actual(ns)  Slack(ns)
--------------------  --------------------  ------------------------------  ------------------------------  ------  ----------  ---------
clk_pll_i             clk_out2_clk_wiz_0    cachecontroller_inst/dram_buf/request_fifo/U0/inst_fifo_gen/gconvfifo.rf/grf.rf/gntv_or_sync_fifo.gcx.clkx/rd_pntr_cdc_inst/dest_graysync_ff_reg[0][7]/D
                                                                            cachecontroller_inst/dram_buf/request_fifo/U0/inst_fifo_gen/gconvfifo.rf/grf.rf/gntv_or_sync_fifo.gcx.clkx/rd_pntr_cdc_inst/dest_graysync_ff_reg[0][8]/D
                                                                                                            Slow         1.124     18.876


Slack (MET) :             18.876ns  (requirement - actual skew)
  Endpoint Source:        cachecontroller_inst/dram_buf/request_fifo/U0/inst_fifo_gen/gconvfifo.rf/grf.rf/gntv_or_sync_fifo.gcx.clkx/rd_pntr_cdc_inst/src_gray_ff_reg[7]/C
                            (rising edge-triggered cell FDRE clocked by clk_pll_i)
  Endpoint Destination:   cachecontroller_inst/dram_buf/request_fifo/U0/inst_fifo_gen/gconvfifo.rf/grf.rf/gntv_or_sync_fifo.gcx.clkx/rd_pntr_cdc_inst/dest_graysync_ff_reg[0][7]/D
                            (rising edge-triggered cell FDRE clocked by clk_out2_clk_wiz_0)
  Reference Source:       cachecontroller_inst/dram_buf/request_fifo/U0/inst_fifo_gen/gconvfifo.rf/grf.rf/gntv_or_sync_fifo.gcx.clkx/rd_pntr_cdc_inst/src_gray_ff_reg[8]/C
                            (rising edge-triggered cell FDRE clocked by clk_pll_i)
  Reference Destination:  cachecontroller_inst/dram_buf/request_fifo/U0/inst_fifo_gen/gconvfifo.rf/grf.rf/gntv_or_sync_fifo.gcx.clkx/rd_pntr_cdc_inst/dest_graysync_ff_reg[0][8]/D
                            (rising edge-triggered cell FDRE clocked by clk_out2_clk_wiz_0)
  Path Type:              Bus Skew (Max at Slow Process Corner)
  Requirement:            20.000ns
  Endpoint Relative Delay:    3.795ns
  Reference Relative Delay:   2.376ns
  Relative CRPR:              0.556ns
  Uncertainty:                0.261ns
  Actual Bus Skew:            1.124ns  (Endpoint Relative Delay - Reference Relative Delay - Relative CRPR + Uncertainty)

Endpoint path:
    Location             Delay type                Incr(ns)  Path(ns)    Netlist Resource(s)
  -------------------------------------------------------------------    -------------------
                         (clock clk_pll_i rise edge)
                                                      0.000     0.000 r  
    E3                                                0.000     0.000 r  clk (IN)
                         net (fo=0)                   0.000     0.000    cachecontroller_inst/clk_gen/inst/clk_in1
    E3                   IBUF (Prop_ibuf_I_O)         1.482     1.482 r  cachecontroller_inst/clk_gen/inst/clkin1_ibufg/O
                         net (fo=1, routed)           1.233     2.715    cachecontroller_inst/clk_gen/inst/clk_in1_clk_wiz_0
    MMCME2_ADV_X1Y2      MMCME2_ADV (Prop_mmcme2_adv_CLKIN1_CLKOUT0)
                                                      0.088     2.803 r  cachecontroller_inst/clk_gen/inst/mmcm_adv_inst/CLKOUT0
                         net (fo=2, routed)           1.719     4.522    cachecontroller_inst/clk_gen/inst/clk_out1_clk_wiz_0
    BUFGCTRL_X0Y16       BUFGCTRL (Prop_bufgctrl_I0_O)
                                                      0.096     4.618 r  cachecontroller_inst/clk_gen/inst/clkout1_buf/O
                         net (fo=63, routed)          1.666     6.285    cachecontroller_inst/dram_controller/mig/u_mig_7series_0_mig/u_ddr2_infrastructure/pi_dqs_found_lanes_r1_reg[2]
    PLLE2_ADV_X1Y1       PLLE2_ADV (Prop_plle2_adv_CLKIN1_CLKOUT3)
                                                      0.088     6.373 r  cachecontroller_inst/dram_controller/mig/u_mig_7series_0_mig/u_ddr2_infrastructure/plle2_i/CLKOUT3
                         net (fo=1, routed)           1.281     7.654    cachecontroller_inst/dram_controller/mig/u_mig_7series_0_mig/u_ddr2_infrastructure/pll_clk3_out
    BUFHCE_X1Y12         BUFH (Prop_bufh_I_O)         0.127     7.781 r  cachecontroller_inst/dram_controller/mig/u_mig_7series_0_mig/u_ddr2_infrastructure/u_bufh_pll_clk3/O
                         net (fo=1, routed)           0.841     8.622    cachecontroller_inst/dram_controller/mig/u_mig_7series_0_mig/u_ddr2_infrastructure/pll_clk3
    MMCME2_ADV_X1Y1      MMCME2_ADV (Prop_mmcme2_adv_CLKIN1_CLKFBOUT)
                                                     -3.457     5.165 r  cachecontroller_inst/dram_controller/mig/u_mig_7series_0_mig/u_ddr2_infrastructure/gen_mmcm.mmcm_i/CLKFBOUT
                         net (fo=1, routed)           1.719     6.884    cachecontroller_inst/dram_controller/mig/u_mig_7series_0_mig/u_ddr2_infrastructure/clk_pll_i
    BUFGCTRL_X0Y0        BUFG (Prop_bufg_I_O)         0.096     6.980 r  cachecontroller_inst/dram_controller/mig/u_mig_7series_0_mig/u_ddr2_infrastructure/u_bufg_clkdiv0/O
                         net (fo=4458, routed)        1.619     8.599    cachecontroller_inst/dram_buf/request_fifo/U0/inst_fifo_gen/gconvfifo.rf/grf.rf/gntv_or_sync_fifo.gcx.clkx/rd_pntr_cdc_inst/src_clk
    SLICE_X67Y104        FDRE                                         r  cachecontroller_inst/dram_buf/request_fifo/U0/inst_fifo_gen/gconvfifo.rf/grf.rf/gntv_or_sync_fifo.gcx.clkx/rd_pntr_cdc_inst/src_gray_ff_reg[7]/C
  -------------------------------------------------------------------    -------------------
    SLICE_X67Y104        FDRE (Prop_fdre_C_Q)         0.419     9.018 r  cachecontroller_inst/dram_buf/request_fifo/U0/inst_fifo_gen/gconvfifo.rf/grf.rf/gntv_or_sync_fifo.gcx.clkx/rd_pntr_cdc_inst/src_gray_ff_reg[7]/Q
                         net (fo=1, routed)           0.588     9.606    cachecontroller_inst/dram_buf/request_fifo/U0/inst_fifo_gen/gconvfifo.rf/grf.rf/gntv_or_sync_fifo.gcx.clkx/rd_pntr_cdc_inst/async_path[7]
    SLICE_X66Y104        FDRE                                         r  cachecontroller_inst/dram_buf/request_fifo/U0/inst_fifo_gen/gconvfifo.rf/grf.rf/gntv_or_sync_fifo.gcx.clkx/rd_pntr_cdc_inst/dest_graysync_ff_reg[0][7]/D
  -------------------------------------------------------------------    -------------------

                         (clock clk_out2_clk_wiz_0 rise edge)
                                                      0.000     0.000 r  
    E3                                                0.000     0.000 r  clk (IN)
                         net (fo=0)                   0.000     0.000    cachecontroller_inst/clk_gen/inst/clk_in1
    E3                   IBUF (Prop_ibuf_I_O)         1.411     1.411 r  cachecontroller_inst/clk_gen/inst/clkin1_ibufg/O
                         net (fo=1, routed)           1.162     2.573    cachecontroller_inst/clk_gen/inst/clk_in1_clk_wiz_0
    MMCME2_ADV_X1Y2      MMCME2_ADV (Prop_mmcme2_adv_CLKIN1_CLKOUT1)
                                                      0.083     2.656 r  cachecontroller_inst/clk_gen/inst/mmcm_adv_inst/CLKOUT1
                         net (fo=2, routed)           1.639     4.295    cachecontroller_inst/clk_gen/inst/clk_out2_clk_wiz_0
    BUFGCTRL_X0Y17       BUFGCTRL (Prop_bufgctrl_I0_O)
                                                      0.091     4.386 r  cachecontroller_inst/clk_gen/inst/clkout2_buf/O
                         net (fo=3967, routed)        1.496     5.882    cachecontroller_inst/dram_buf/request_fifo/U0/inst_fifo_gen/gconvfifo.rf/grf.rf/gntv_or_sync_fifo.gcx.clkx/rd_pntr_cdc_inst/dest_clk
    SLICE_X66Y104        FDRE                                         r  cachecontroller_inst/dram_buf/request_fifo/U0/inst_fifo_gen/gconvfifo.rf/grf.rf/gntv_or_sync_fifo.gcx.clkx/rd_pntr_cdc_inst/dest_graysync_ff_reg[0][7]/C
                         clock pessimism              0.147     6.029    
    SLICE_X66Y104        FDRE (Setup_fdre_C_D)       -0.218     5.811    cachecontroller_inst/dram_buf/request_fifo/U0/inst_fifo_gen/gconvfifo.rf/grf.rf/gntv_or_sync_fifo.gcx.clkx/rd_pntr_cdc_inst/dest_graysync_ff_reg[0][7]
  -------------------------------------------------------------------
                         data arrival                           9.606    
                         clock arrival                          5.811    
  -------------------------------------------------------------------
                         relative delay                         3.795    

Reference path:
    Location             Delay type                Incr(ns)  Path(ns)    Netlist Resource(s)
  -------------------------------------------------------------------    -------------------
                         (clock clk_pll_i rise edge)
                                                      0.000     0.000 r  
    E3                                                0.000     0.000 r  clk (IN)
                         net (fo=0)                   0.000     0.000    cachecontroller_inst/clk_gen/inst/clk_in1
    E3                   IBUF (Prop_ibuf_I_O)         1.411     1.411 r  cachecontroller_inst/clk_gen/inst/clkin1_ibufg/O
                         net (fo=1, routed)           1.162     2.573    cachecontroller_inst/clk_gen/inst/clk_in1_clk_wiz_0
    MMCME2_ADV_X1Y2      MMCME2_ADV (Prop_mmcme2_adv_CLKIN1_CLKOUT0)
                                                      0.083     2.656 r  cachecontroller_inst/clk_gen/inst/mmcm_adv_inst/CLKOUT0
                         net (fo=2, routed)           1.639     4.295    cachecontroller_inst/clk_gen/inst/clk_out1_clk_wiz_0
    BUFGCTRL_X0Y16       BUFGCTRL (Prop_bufgctrl_I0_O)
                                                      0.091     4.386 r  cachecontroller_inst/clk_gen/inst/clkout1_buf/O
                         net (fo=63, routed)          1.544     5.931    cachecontroller_inst/dram_controller/mig/u_mig_7series_0_mig/u_ddr2_infrastructure/pi_dqs_found_lanes_r1_reg[2]
    PLLE2_ADV_X1Y1       PLLE2_ADV (Prop_plle2_adv_CLKIN1_CLKOUT3)
                                                      0.083     6.014 r  cachecontroller_inst/dram_controller/mig/u_mig_7series_0_mig/u_ddr2_infrastructure/plle2_i/CLKOUT3
                         net (fo=1, routed)           1.205     7.219    cachecontroller_inst/dram_controller/mig/u_mig_7series_0_mig/u_ddr2_infrastructure/pll_clk3_out
    BUFHCE_X1Y12         BUFH (Prop_bufh_I_O)         0.081     7.300 r  cachecontroller_inst/dram_controller/mig/u_mig_7series_0_mig/u_ddr2_infrastructure/u_bufh_pll_clk3/O
                         net (fo=1, routed)           0.799     8.099    cachecontroller_inst/dram_controller/mig/u_mig_7series_0_mig/u_ddr2_infrastructure/pll_clk3
    MMCME2_ADV_X1Y1      MMCME2_ADV (Prop_mmcme2_adv_CLKIN1_CLKFBOUT)
                                                     -3.249     4.849 r  cachecontroller_inst/dram_controller/mig/u_mig_7series_0_mig/u_ddr2_infrastructure/gen_mmcm.mmcm_i/CLKFBOUT
                         net (fo=1, routed)           1.639     6.488    cachecontroller_inst/dram_controller/mig/u_mig_7series_0_mig/u_ddr2_infrastructure/clk_pll_i
    BUFGCTRL_X0Y0        BUFG (Prop_bufg_I_O)         0.091     6.579 r  cachecontroller_inst/dram_controller/mig/u_mig_7series_0_mig/u_ddr2_infrastructure/u_bufg_clkdiv0/O
                         net (fo=4458, routed)        1.499     8.078    cachecontroller_inst/dram_buf/request_fifo/U0/inst_fifo_gen/gconvfifo.rf/grf.rf/gntv_or_sync_fifo.gcx.clkx/rd_pntr_cdc_inst/src_clk
    SLICE_X67Y104        FDRE                                         r  cachecontroller_inst/dram_buf/request_fifo/U0/inst_fifo_gen/gconvfifo.rf/grf.rf/gntv_or_sync_fifo.gcx.clkx/rd_pntr_cdc_inst/src_gray_ff_reg[8]/C
  -------------------------------------------------------------------    -------------------
    SLICE_X67Y104        FDRE (Prop_fdre_C_Q)         0.367     8.445 r  cachecontroller_inst/dram_buf/request_fifo/U0/inst_fifo_gen/gconvfifo.rf/grf.rf/gntv_or_sync_fifo.gcx.clkx/rd_pntr_cdc_inst/src_gray_ff_reg[8]/Q
                         net (fo=1, routed)           0.250     8.695    cachecontroller_inst/dram_buf/request_fifo/U0/inst_fifo_gen/gconvfifo.rf/grf.rf/gntv_or_sync_fifo.gcx.clkx/rd_pntr_cdc_inst/async_path[8]
    SLICE_X66Y105        FDRE                                         r  cachecontroller_inst/dram_buf/request_fifo/U0/inst_fifo_gen/gconvfifo.rf/grf.rf/gntv_or_sync_fifo.gcx.clkx/rd_pntr_cdc_inst/dest_graysync_ff_reg[0][8]/D
  -------------------------------------------------------------------    -------------------

                         (clock clk_out2_clk_wiz_0 rise edge)
                                                      0.000     0.000 r  
    E3                                                0.000     0.000 r  clk (IN)
                         net (fo=0)                   0.000     0.000    cachecontroller_inst/clk_gen/inst/clk_in1
    E3                   IBUF (Prop_ibuf_I_O)         1.482     1.482 r  cachecontroller_inst/clk_gen/inst/clkin1_ibufg/O
                         net (fo=1, routed)           1.233     2.715    cachecontroller_inst/clk_gen/inst/clk_in1_clk_wiz_0
    MMCME2_ADV_X1Y2      MMCME2_ADV (Prop_mmcme2_adv_CLKIN1_CLKOUT1)
                                                      0.088     2.803 r  cachecontroller_inst/clk_gen/inst/mmcm_adv_inst/CLKOUT1
                         net (fo=2, routed)           1.719     4.522    cachecontroller_inst/clk_gen/inst/clk_out2_clk_wiz_0
    BUFGCTRL_X0Y17       BUFGCTRL (Prop_bufgctrl_I0_O)
                                                      0.096     4.618 r  cachecontroller_inst/clk_gen/inst/clkout2_buf/O
                         net (fo=3967, routed)        1.617     6.235    cachecontroller_inst/dram_buf/request_fifo/U0/inst_fifo_gen/gconvfifo.rf/grf.rf/gntv_or_sync_fifo.gcx.clkx/rd_pntr_cdc_inst/dest_clk
    SLICE_X66Y105        FDRE                                         r  cachecontroller_inst/dram_buf/request_fifo/U0/inst_fifo_gen/gconvfifo.rf/grf.rf/gntv_or_sync_fifo.gcx.clkx/rd_pntr_cdc_inst/dest_graysync_ff_reg[0][8]/C
                         clock pessimism             -0.147     6.089    
    SLICE_X66Y105        FDRE (Hold_fdre_C_D)         0.231     6.320    cachecontroller_inst/dram_buf/request_fifo/U0/inst_fifo_gen/gconvfifo.rf/grf.rf/gntv_or_sync_fifo.gcx.clkx/rd_pntr_cdc_inst/dest_graysync_ff_reg[0][8]
  -------------------------------------------------------------------
                         data arrival                           8.695    
                         clock arrival                          6.320    
  -------------------------------------------------------------------
                         relative delay                         2.376    



Id: 2
set_bus_skew -from [get_cells [list {cachecontroller_inst/dram_buf/request_fifo/U0/inst_fifo_gen/gconvfifo.rf/grf.rf/gntv_or_sync_fifo.gcx.clkx/wr_pntr_cdc_inst/src_gray_ff_reg[0]} {cachecontroller_inst/dram_buf/request_fifo/U0/inst_fifo_gen/gconvfifo.rf/grf.rf/gntv_or_sync_fifo.gcx.clkx/wr_pntr_cdc_inst/src_gray_ff_reg[1]} {cachecontroller_inst/dram_buf/request_fifo/U0/inst_fifo_gen/gconvfifo.rf/grf.rf/gntv_or_sync_fifo.gcx.clkx/wr_pntr_cdc_inst/src_gray_ff_reg[2]} {cachecontroller_inst/dram_buf/request_fifo/U0/inst_fifo_gen/gconvfifo.rf/grf.rf/gntv_or_sync_fifo.gcx.clkx/wr_pntr_cdc_inst/src_gray_ff_reg[3]} {cachecontroller_inst/dram_buf/request_fifo/U0/inst_fifo_gen/gconvfifo.rf/grf.rf/gntv_or_sync_fifo.gcx.clkx/wr_pntr_cdc_inst/src_gray_ff_reg[4]} {cachecontroller_inst/dram_buf/request_fifo/U0/inst_fifo_gen/gconvfifo.rf/grf.rf/gntv_or_sync_fifo.gcx.clkx/wr_pntr_cdc_inst/src_gray_ff_reg[5]} {cachecontroller_inst/dram_buf/request_fifo/U0/inst_fifo_gen/gconvfifo.rf/grf.rf/gntv_or_sync_fifo.gcx.clkx/wr_pntr_cdc_inst/src_gray_ff_reg[6]} {cachecontroller_inst/dram_buf/request_fifo/U0/inst_fifo_gen/gconvfifo.rf/grf.rf/gntv_or_sync_fifo.gcx.clkx/wr_pntr_cdc_inst/src_gray_ff_reg[7]} {cachecontroller_inst/dram_buf/request_fifo/U0/inst_fifo_gen/gconvfifo.rf/grf.rf/gntv_or_sync_fifo.gcx.clkx/wr_pntr_cdc_inst/src_gray_ff_reg[8]} {cachecontroller_inst/dram_buf/request_fifo/U0/inst_fifo_gen/gconvfifo.rf/grf.rf/gntv_or_sync_fifo.gcx.clkx/wr_pntr_cdc_inst/src_gray_ff_reg[9]}]] -to [get_cells [list {cachecontroller_inst/dram_buf/request_fifo/U0/inst_fifo_gen/gconvfifo.rf/grf.rf/gntv_or_sync_fifo.gcx.clkx/wr_pntr_cdc_inst/dest_graysync_ff_reg[0][0]} {cachecontroller_inst/dram_buf/request_fifo/U0/inst_fifo_gen/gconvfifo.rf/grf.rf/gntv_or_sync_fifo.gcx.clkx/wr_pntr_cdc_inst/dest_graysync_ff_reg[0][1]} {cachecontroller_inst/dram_buf/request_fifo/U0/inst_fifo_gen/gconvfifo.rf/grf.rf/gntv_or_sync_fifo.gcx.clkx/wr_pntr_cdc_inst/dest_graysync_ff_reg[0][2]} {cachecontroller_inst/dram_buf/request_fifo/U0/inst_fifo_gen/gconvfifo.rf/grf.rf/gntv_or_sync_fifo.gcx.clkx/wr_pntr_cdc_inst/dest_graysync_ff_reg[0][3]} {cachecontroller_inst/dram_buf/request_fifo/U0/inst_fifo_gen/gconvfifo.rf/grf.rf/gntv_or_sync_fifo.gcx.clkx/wr_pntr_cdc_inst/dest_graysync_ff_reg[0][4]} {cachecontroller_inst/dram_buf/request_fifo/U0/inst_fifo_gen/gconvfifo.rf/grf.rf/gntv_or_sync_fifo.gcx.clkx/wr_pntr_cdc_inst/dest_graysync_ff_reg[0][5]} {cachecontroller_inst/dram_buf/request_fifo/U0/inst_fifo_gen/gconvfifo.rf/grf.rf/gntv_or_sync_fifo.gcx.clkx/wr_pntr_cdc_inst/dest_graysync_ff_reg[0][6]} {cachecontroller_inst/dram_buf/request_fifo/U0/inst_fifo_gen/gconvfifo.rf/grf.rf/gntv_or_sync_fifo.gcx.clkx/wr_pntr_cdc_inst/dest_graysync_ff_reg[0][7]} {cachecontroller_inst/dram_buf/request_fifo/U0/inst_fifo_gen/gconvfifo.rf/grf.rf/gntv_or_sync_fifo.gcx.clkx/wr_pntr_cdc_inst/dest_graysync_ff_reg[0][8]} {cachecontroller_inst/dram_buf/request_fifo/U0/inst_fifo_gen/gconvfifo.rf/grf.rf/gntv_or_sync_fifo.gcx.clkx/wr_pntr_cdc_inst/dest_graysync_ff_reg[0][9]}]] 20.000
Requirement: 20.000ns
Endpoints: 10

From Clock            To Clock              Endpoint Pin                    Reference Pin                   Corner  Actual(ns)  Slack(ns)
--------------------  --------------------  ------------------------------  ------------------------------  ------  ----------  ---------
clk_out2_clk_wiz_0    clk_pll_i_1           cachecontroller_inst/dram_buf/request_fifo/U0/inst_fifo_gen/gconvfifo.rf/grf.rf/gntv_or_sync_fifo.gcx.clkx/wr_pntr_cdc_inst/dest_graysync_ff_reg[0][7]/D
                                                                            cachecontroller_inst/dram_buf/request_fifo/U0/inst_fifo_gen/gconvfifo.rf/grf.rf/gntv_or_sync_fifo.gcx.clkx/wr_pntr_cdc_inst/dest_graysync_ff_reg[0][2]/D
                                                                                                            Slow         1.034     18.966


Slack (MET) :             18.966ns  (requirement - actual skew)
  Endpoint Source:        cachecontroller_inst/dram_buf/request_fifo/U0/inst_fifo_gen/gconvfifo.rf/grf.rf/gntv_or_sync_fifo.gcx.clkx/wr_pntr_cdc_inst/src_gray_ff_reg[7]/C
                            (rising edge-triggered cell FDRE clocked by clk_out2_clk_wiz_0)
  Endpoint Destination:   cachecontroller_inst/dram_buf/request_fifo/U0/inst_fifo_gen/gconvfifo.rf/grf.rf/gntv_or_sync_fifo.gcx.clkx/wr_pntr_cdc_inst/dest_graysync_ff_reg[0][7]/D
                            (rising edge-triggered cell FDRE clocked by clk_pll_i_1)
  Reference Source:       cachecontroller_inst/dram_buf/request_fifo/U0/inst_fifo_gen/gconvfifo.rf/grf.rf/gntv_or_sync_fifo.gcx.clkx/wr_pntr_cdc_inst/src_gray_ff_reg[2]/C
                            (rising edge-triggered cell FDRE clocked by clk_out2_clk_wiz_0)
  Reference Destination:  cachecontroller_inst/dram_buf/request_fifo/U0/inst_fifo_gen/gconvfifo.rf/grf.rf/gntv_or_sync_fifo.gcx.clkx/wr_pntr_cdc_inst/dest_graysync_ff_reg[0][2]/D
                            (rising edge-triggered cell FDRE clocked by clk_pll_i)
  Path Type:              Bus Skew (Max at Slow Process Corner)
  Requirement:            20.000ns
  Endpoint Relative Delay:   -0.821ns
  Reference Relative Delay:  -2.125ns
  Relative CRPR:              0.534ns
  Uncertainty:                0.264ns
  Actual Bus Skew:            1.034ns  (Endpoint Relative Delay - Reference Relative Delay - Relative CRPR + Uncertainty)

Endpoint path:
    Location             Delay type                Incr(ns)  Path(ns)    Netlist Resource(s)
  -------------------------------------------------------------------    -------------------
                         (clock clk_out2_clk_wiz_0 rise edge)
                                                      0.000     0.000 r  
    E3                                                0.000     0.000 r  clk (IN)
                         net (fo=0)                   0.000     0.000    cachecontroller_inst/clk_gen/inst/clk_in1
    E3                   IBUF (Prop_ibuf_I_O)         1.482     1.482 r  cachecontroller_inst/clk_gen/inst/clkin1_ibufg/O
                         net (fo=1, routed)           1.233     2.715    cachecontroller_inst/clk_gen/inst/clk_in1_clk_wiz_0
    MMCME2_ADV_X1Y2      MMCME2_ADV (Prop_mmcme2_adv_CLKIN1_CLKOUT1)
                                                      0.088     2.803 r  cachecontroller_inst/clk_gen/inst/mmcm_adv_inst/CLKOUT1
                         net (fo=2, routed)           1.719     4.522    cachecontroller_inst/clk_gen/inst/clk_out2_clk_wiz_0
    BUFGCTRL_X0Y17       BUFGCTRL (Prop_bufgctrl_I0_O)
                                                      0.096     4.618 r  cachecontroller_inst/clk_gen/inst/clkout2_buf/O
                         net (fo=3967, routed)        1.618     6.236    cachecontroller_inst/dram_buf/request_fifo/U0/inst_fifo_gen/gconvfifo.rf/grf.rf/gntv_or_sync_fifo.gcx.clkx/wr_pntr_cdc_inst/src_clk
    SLICE_X67Y102        FDRE                                         r  cachecontroller_inst/dram_buf/request_fifo/U0/inst_fifo_gen/gconvfifo.rf/grf.rf/gntv_or_sync_fifo.gcx.clkx/wr_pntr_cdc_inst/src_gray_ff_reg[7]/C
  -------------------------------------------------------------------    -------------------
    SLICE_X67Y102        FDRE (Prop_fdre_C_Q)         0.419     6.655 r  cachecontroller_inst/dram_buf/request_fifo/U0/inst_fifo_gen/gconvfifo.rf/grf.rf/gntv_or_sync_fifo.gcx.clkx/wr_pntr_cdc_inst/src_gray_ff_reg[7]/Q
                         net (fo=1, routed)           0.483     7.139    cachecontroller_inst/dram_buf/request_fifo/U0/inst_fifo_gen/gconvfifo.rf/grf.rf/gntv_or_sync_fifo.gcx.clkx/wr_pntr_cdc_inst/async_path[7]
    SLICE_X67Y103        FDRE                                         r  cachecontroller_inst/dram_buf/request_fifo/U0/inst_fifo_gen/gconvfifo.rf/grf.rf/gntv_or_sync_fifo.gcx.clkx/wr_pntr_cdc_inst/dest_graysync_ff_reg[0][7]/D
  -------------------------------------------------------------------    -------------------

                         (clock clk_pll_i_1 rise edge)
                                                      0.000     0.000 r  
    E3                                                0.000     0.000 r  clk (IN)
                         net (fo=0)                   0.000     0.000    cachecontroller_inst/clk_gen/inst/clk_in1
    E3                   IBUF (Prop_ibuf_I_O)         1.411     1.411 r  cachecontroller_inst/clk_gen/inst/clkin1_ibufg/O
                         net (fo=1, routed)           1.162     2.573    cachecontroller_inst/clk_gen/inst/clk_in1_clk_wiz_0
    MMCME2_ADV_X1Y2      MMCME2_ADV (Prop_mmcme2_adv_CLKIN1_CLKOUT0)
                                                      0.083     2.656 r  cachecontroller_inst/clk_gen/inst/mmcm_adv_inst/CLKOUT0
                         net (fo=2, routed)           1.639     4.295    cachecontroller_inst/clk_gen/inst/clk_out1_clk_wiz_0
    BUFGCTRL_X0Y16       BUFGCTRL (Prop_bufgctrl_I0_O)
                                                      0.091     4.386 r  cachecontroller_inst/clk_gen/inst/clkout1_buf/O
                         net (fo=63, routed)          1.544     5.931    cachecontroller_inst/dram_controller/mig/u_mig_7series_0_mig/u_ddr2_infrastructure/pi_dqs_found_lanes_r1_reg[2]
    PLLE2_ADV_X1Y1       PLLE2_ADV (Prop_plle2_adv_CLKIN1_CLKOUT3)
                                                      0.083     6.014 r  cachecontroller_inst/dram_controller/mig/u_mig_7series_0_mig/u_ddr2_infrastructure/plle2_i/CLKOUT3
                         net (fo=1, routed)           1.205     7.219    cachecontroller_inst/dram_controller/mig/u_mig_7series_0_mig/u_ddr2_infrastructure/pll_clk3_out
    BUFHCE_X1Y12         BUFH (Prop_bufh_I_O)         0.081     7.300 r  cachecontroller_inst/dram_controller/mig/u_mig_7series_0_mig/u_ddr2_infrastructure/u_bufh_pll_clk3/O
                         net (fo=1, routed)           0.799     8.099    cachecontroller_inst/dram_controller/mig/u_mig_7series_0_mig/u_ddr2_infrastructure/pll_clk3
    MMCME2_ADV_X1Y1      MMCME2_ADV (Prop_mmcme2_adv_CLKIN1_CLKFBOUT)
                                                     -3.249     4.849 r  cachecontroller_inst/dram_controller/mig/u_mig_7series_0_mig/u_ddr2_infrastructure/gen_mmcm.mmcm_i/CLKFBOUT
                         net (fo=1, routed)           1.639     6.488    cachecontroller_inst/dram_controller/mig/u_mig_7series_0_mig/u_ddr2_infrastructure/clk_pll_i
    BUFGCTRL_X0Y0        BUFG (Prop_bufg_I_O)         0.091     6.579 r  cachecontroller_inst/dram_controller/mig/u_mig_7series_0_mig/u_ddr2_infrastructure/u_bufg_clkdiv0/O
                         net (fo=4458, routed)        1.499     8.078    cachecontroller_inst/dram_buf/request_fifo/U0/inst_fifo_gen/gconvfifo.rf/grf.rf/gntv_or_sync_fifo.gcx.clkx/wr_pntr_cdc_inst/dest_clk
    SLICE_X67Y103        FDRE                                         r  cachecontroller_inst/dram_buf/request_fifo/U0/inst_fifo_gen/gconvfifo.rf/grf.rf/gntv_or_sync_fifo.gcx.clkx/wr_pntr_cdc_inst/dest_graysync_ff_reg[0][7]/C
                         clock pessimism              0.147     8.225    
    SLICE_X67Y103        FDRE (Setup_fdre_C_D)       -0.265     7.960    cachecontroller_inst/dram_buf/request_fifo/U0/inst_fifo_gen/gconvfifo.rf/grf.rf/gntv_or_sync_fifo.gcx.clkx/wr_pntr_cdc_inst/dest_graysync_ff_reg[0][7]
  -------------------------------------------------------------------
                         data arrival                           7.139    
                         clock arrival                          7.960    
  -------------------------------------------------------------------
                         relative delay                        -0.821    

Reference path:
    Location             Delay type                Incr(ns)  Path(ns)    Netlist Resource(s)
  -------------------------------------------------------------------    -------------------
                         (clock clk_out2_clk_wiz_0 rise edge)
                                                      0.000     0.000 r  
    E3                                                0.000     0.000 r  clk (IN)
                         net (fo=0)                   0.000     0.000    cachecontroller_inst/clk_gen/inst/clk_in1
    E3                   IBUF (Prop_ibuf_I_O)         1.411     1.411 r  cachecontroller_inst/clk_gen/inst/clkin1_ibufg/O
                         net (fo=1, routed)           1.162     2.573    cachecontroller_inst/clk_gen/inst/clk_in1_clk_wiz_0
    MMCME2_ADV_X1Y2      MMCME2_ADV (Prop_mmcme2_adv_CLKIN1_CLKOUT1)
                                                      0.083     2.656 r  cachecontroller_inst/clk_gen/inst/mmcm_adv_inst/CLKOUT1
                         net (fo=2, routed)           1.639     4.295    cachecontroller_inst/clk_gen/inst/clk_out2_clk_wiz_0
    BUFGCTRL_X0Y17       BUFGCTRL (Prop_bufgctrl_I0_O)
                                                      0.091     4.386 r  cachecontroller_inst/clk_gen/inst/clkout2_buf/O
                         net (fo=3967, routed)        1.497     5.883    cachecontroller_inst/dram_buf/request_fifo/U0/inst_fifo_gen/gconvfifo.rf/grf.rf/gntv_or_sync_fifo.gcx.clkx/wr_pntr_cdc_inst/src_clk
    SLICE_X66Y102        FDRE                                         r  cachecontroller_inst/dram_buf/request_fifo/U0/inst_fifo_gen/gconvfifo.rf/grf.rf/gntv_or_sync_fifo.gcx.clkx/wr_pntr_cdc_inst/src_gray_ff_reg[2]/C
  -------------------------------------------------------------------    -------------------
    SLICE_X66Y102        FDRE (Prop_fdre_C_Q)         0.418     6.301 r  cachecontroller_inst/dram_buf/request_fifo/U0/inst_fifo_gen/gconvfifo.rf/grf.rf/gntv_or_sync_fifo.gcx.clkx/wr_pntr_cdc_inst/src_gray_ff_reg[2]/Q
                         net (fo=1, routed)           0.257     6.558    cachecontroller_inst/dram_buf/request_fifo/U0/inst_fifo_gen/gconvfifo.rf/grf.rf/gntv_or_sync_fifo.gcx.clkx/wr_pntr_cdc_inst/async_path[2]
    SLICE_X66Y101        FDRE                                         r  cachecontroller_inst/dram_buf/request_fifo/U0/inst_fifo_gen/gconvfifo.rf/grf.rf/gntv_or_sync_fifo.gcx.clkx/wr_pntr_cdc_inst/dest_graysync_ff_reg[0][2]/D
  -------------------------------------------------------------------    -------------------

                         (clock clk_pll_i rise edge)
                                                      0.000     0.000 r  
    E3                                                0.000     0.000 r  clk (IN)
                         net (fo=0)                   0.000     0.000    cachecontroller_inst/clk_gen/inst/clk_in1
    E3                   IBUF (Prop_ibuf_I_O)         1.482     1.482 r  cachecontroller_inst/clk_gen/inst/clkin1_ibufg/O
                         net (fo=1, routed)           1.233     2.715    cachecontroller_inst/clk_gen/inst/clk_in1_clk_wiz_0
    MMCME2_ADV_X1Y2      MMCME2_ADV (Prop_mmcme2_adv_CLKIN1_CLKOUT0)
                                                      0.088     2.803 r  cachecontroller_inst/clk_gen/inst/mmcm_adv_inst/CLKOUT0
                         net (fo=2, routed)           1.719     4.522    cachecontroller_inst/clk_gen/inst/clk_out1_clk_wiz_0
    BUFGCTRL_X0Y16       BUFGCTRL (Prop_bufgctrl_I0_O)
                                                      0.096     4.618 r  cachecontroller_inst/clk_gen/inst/clkout1_buf/O
                         net (fo=63, routed)          1.666     6.285    cachecontroller_inst/dram_controller/mig/u_mig_7series_0_mig/u_ddr2_infrastructure/pi_dqs_found_lanes_r1_reg[2]
    PLLE2_ADV_X1Y1       PLLE2_ADV (Prop_plle2_adv_CLKIN1_CLKOUT3)
                                                      0.088     6.373 r  cachecontroller_inst/dram_controller/mig/u_mig_7series_0_mig/u_ddr2_infrastructure/plle2_i/CLKOUT3
                         net (fo=1, routed)           1.281     7.654    cachecontroller_inst/dram_controller/mig/u_mig_7series_0_mig/u_ddr2_infrastructure/pll_clk3_out
    BUFHCE_X1Y12         BUFH (Prop_bufh_I_O)         0.127     7.781 r  cachecontroller_inst/dram_controller/mig/u_mig_7series_0_mig/u_ddr2_infrastructure/u_bufh_pll_clk3/O
                         net (fo=1, routed)           0.841     8.622    cachecontroller_inst/dram_controller/mig/u_mig_7series_0_mig/u_ddr2_infrastructure/pll_clk3
    MMCME2_ADV_X1Y1      MMCME2_ADV (Prop_mmcme2_adv_CLKIN1_CLKFBOUT)
                                                     -3.457     5.165 r  cachecontroller_inst/dram_controller/mig/u_mig_7series_0_mig/u_ddr2_infrastructure/gen_mmcm.mmcm_i/CLKFBOUT
                         net (fo=1, routed)           1.719     6.884    cachecontroller_inst/dram_controller/mig/u_mig_7series_0_mig/u_ddr2_infrastructure/clk_pll_i
    BUFGCTRL_X0Y0        BUFG (Prop_bufg_I_O)         0.096     6.980 r  cachecontroller_inst/dram_controller/mig/u_mig_7series_0_mig/u_ddr2_infrastructure/u_bufg_clkdiv0/O
                         net (fo=4458, routed)        1.620     8.600    cachecontroller_inst/dram_buf/request_fifo/U0/inst_fifo_gen/gconvfifo.rf/grf.rf/gntv_or_sync_fifo.gcx.clkx/wr_pntr_cdc_inst/dest_clk
    SLICE_X66Y101        FDRE                                         r  cachecontroller_inst/dram_buf/request_fifo/U0/inst_fifo_gen/gconvfifo.rf/grf.rf/gntv_or_sync_fifo.gcx.clkx/wr_pntr_cdc_inst/dest_graysync_ff_reg[0][2]/C
                         clock pessimism             -0.147     8.454    
    SLICE_X66Y101        FDRE (Hold_fdre_C_D)         0.230     8.684    cachecontroller_inst/dram_buf/request_fifo/U0/inst_fifo_gen/gconvfifo.rf/grf.rf/gntv_or_sync_fifo.gcx.clkx/wr_pntr_cdc_inst/dest_graysync_ff_reg[0][2]
  -------------------------------------------------------------------
                         data arrival                           6.558    
                         clock arrival                          8.684    
  -------------------------------------------------------------------
                         relative delay                        -2.125    



Id: 3
set_bus_skew -from [get_cells [list {cachecontroller_inst/dram_buf/response_fifo/U0/inst_fifo_gen/gconvfifo.rf/grf.rf/gntv_or_sync_fifo.gcx.clkx/rd_pntr_cdc_inst/src_gray_ff_reg[0]} {cachecontroller_inst/dram_buf/response_fifo/U0/inst_fifo_gen/gconvfifo.rf/grf.rf/gntv_or_sync_fifo.gcx.clkx/rd_pntr_cdc_inst/src_gray_ff_reg[1]} {cachecontroller_inst/dram_buf/response_fifo/U0/inst_fifo_gen/gconvfifo.rf/grf.rf/gntv_or_sync_fifo.gcx.clkx/rd_pntr_cdc_inst/src_gray_ff_reg[2]} {cachecontroller_inst/dram_buf/response_fifo/U0/inst_fifo_gen/gconvfifo.rf/grf.rf/gntv_or_sync_fifo.gcx.clkx/rd_pntr_cdc_inst/src_gray_ff_reg[3]} {cachecontroller_inst/dram_buf/response_fifo/U0/inst_fifo_gen/gconvfifo.rf/grf.rf/gntv_or_sync_fifo.gcx.clkx/rd_pntr_cdc_inst/src_gray_ff_reg[4]} {cachecontroller_inst/dram_buf/response_fifo/U0/inst_fifo_gen/gconvfifo.rf/grf.rf/gntv_or_sync_fifo.gcx.clkx/rd_pntr_cdc_inst/src_gray_ff_reg[5]} {cachecontroller_inst/dram_buf/response_fifo/U0/inst_fifo_gen/gconvfifo.rf/grf.rf/gntv_or_sync_fifo.gcx.clkx/rd_pntr_cdc_inst/src_gray_ff_reg[6]} {cachecontroller_inst/dram_buf/response_fifo/U0/inst_fifo_gen/gconvfifo.rf/grf.rf/gntv_or_sync_fifo.gcx.clkx/rd_pntr_cdc_inst/src_gray_ff_reg[7]} {cachecontroller_inst/dram_buf/response_fifo/U0/inst_fifo_gen/gconvfifo.rf/grf.rf/gntv_or_sync_fifo.gcx.clkx/rd_pntr_cdc_inst/src_gray_ff_reg[8]} {cachecontroller_inst/dram_buf/response_fifo/U0/inst_fifo_gen/gconvfifo.rf/grf.rf/gntv_or_sync_fifo.gcx.clkx/rd_pntr_cdc_inst/src_gray_ff_reg[9]}]] -to [get_cells [list {cachecontroller_inst/dram_buf/response_fifo/U0/inst_fifo_gen/gconvfifo.rf/grf.rf/gntv_or_sync_fifo.gcx.clkx/rd_pntr_cdc_inst/dest_graysync_ff_reg[0][0]} {cachecontroller_inst/dram_buf/response_fifo/U0/inst_fifo_gen/gconvfifo.rf/grf.rf/gntv_or_sync_fifo.gcx.clkx/rd_pntr_cdc_inst/dest_graysync_ff_reg[0][1]} {cachecontroller_inst/dram_buf/response_fifo/U0/inst_fifo_gen/gconvfifo.rf/grf.rf/gntv_or_sync_fifo.gcx.clkx/rd_pntr_cdc_inst/dest_graysync_ff_reg[0][2]} {cachecontroller_inst/dram_buf/response_fifo/U0/inst_fifo_gen/gconvfifo.rf/grf.rf/gntv_or_sync_fifo.gcx.clkx/rd_pntr_cdc_inst/dest_graysync_ff_reg[0][3]} {cachecontroller_inst/dram_buf/response_fifo/U0/inst_fifo_gen/gconvfifo.rf/grf.rf/gntv_or_sync_fifo.gcx.clkx/rd_pntr_cdc_inst/dest_graysync_ff_reg[0][4]} {cachecontroller_inst/dram_buf/response_fifo/U0/inst_fifo_gen/gconvfifo.rf/grf.rf/gntv_or_sync_fifo.gcx.clkx/rd_pntr_cdc_inst/dest_graysync_ff_reg[0][5]} {cachecontroller_inst/dram_buf/response_fifo/U0/inst_fifo_gen/gconvfifo.rf/grf.rf/gntv_or_sync_fifo.gcx.clkx/rd_pntr_cdc_inst/dest_graysync_ff_reg[0][6]} {cachecontroller_inst/dram_buf/response_fifo/U0/inst_fifo_gen/gconvfifo.rf/grf.rf/gntv_or_sync_fifo.gcx.clkx/rd_pntr_cdc_inst/dest_graysync_ff_reg[0][7]} {cachecontroller_inst/dram_buf/response_fifo/U0/inst_fifo_gen/gconvfifo.rf/grf.rf/gntv_or_sync_fifo.gcx.clkx/rd_pntr_cdc_inst/dest_graysync_ff_reg[0][8]} {cachecontroller_inst/dram_buf/response_fifo/U0/inst_fifo_gen/gconvfifo.rf/grf.rf/gntv_or_sync_fifo.gcx.clkx/rd_pntr_cdc_inst/dest_graysync_ff_reg[0][9]}]] 20.000
Requirement: 20.000ns
Endpoints: 10

From Clock            To Clock              Endpoint Pin                    Reference Pin                   Corner  Actual(ns)  Slack(ns)
--------------------  --------------------  ------------------------------  ------------------------------  ------  ----------  ---------
clk_out2_clk_wiz_0    clk_pll_i_1           cachecontroller_inst/dram_buf/response_fifo/U0/inst_fifo_gen/gconvfifo.rf/grf.rf/gntv_or_sync_fifo.gcx.clkx/rd_pntr_cdc_inst/dest_graysync_ff_reg[0][9]/D
                                                                            cachecontroller_inst/dram_buf/response_fifo/U0/inst_fifo_gen/gconvfifo.rf/grf.rf/gntv_or_sync_fifo.gcx.clkx/rd_pntr_cdc_inst/dest_graysync_ff_reg[0][0]/D
                                                                                                            Slow         1.048     18.952


Slack (MET) :             18.952ns  (requirement - actual skew)
  Endpoint Source:        cachecontroller_inst/dram_buf/response_fifo/U0/inst_fifo_gen/gconvfifo.rf/grf.rf/gntv_or_sync_fifo.gcx.clkx/rd_pntr_cdc_inst/src_gray_ff_reg[9]/C
                            (rising edge-triggered cell FDRE clocked by clk_out2_clk_wiz_0)
  Endpoint Destination:   cachecontroller_inst/dram_buf/response_fifo/U0/inst_fifo_gen/gconvfifo.rf/grf.rf/gntv_or_sync_fifo.gcx.clkx/rd_pntr_cdc_inst/dest_graysync_ff_reg[0][9]/D
                            (rising edge-triggered cell FDRE clocked by clk_pll_i_1)
  Reference Source:       cachecontroller_inst/dram_buf/response_fifo/U0/inst_fifo_gen/gconvfifo.rf/grf.rf/gntv_or_sync_fifo.gcx.clkx/rd_pntr_cdc_inst/src_gray_ff_reg[0]/C
                            (rising edge-triggered cell FDRE clocked by clk_out2_clk_wiz_0_1)
  Reference Destination:  cachecontroller_inst/dram_buf/response_fifo/U0/inst_fifo_gen/gconvfifo.rf/grf.rf/gntv_or_sync_fifo.gcx.clkx/rd_pntr_cdc_inst/dest_graysync_ff_reg[0][0]/D
                            (rising edge-triggered cell FDRE clocked by clk_pll_i)
  Path Type:              Bus Skew (Max at Slow Process Corner)
  Requirement:            20.000ns
  Endpoint Relative Delay:   -0.890ns
  Reference Relative Delay:  -2.172ns
  Relative CRPR:              0.499ns
  Uncertainty:                0.264ns
  Actual Bus Skew:            1.048ns  (Endpoint Relative Delay - Reference Relative Delay - Relative CRPR + Uncertainty)

Endpoint path:
    Location             Delay type                Incr(ns)  Path(ns)    Netlist Resource(s)
  -------------------------------------------------------------------    -------------------
                         (clock clk_out2_clk_wiz_0 rise edge)
                                                      0.000     0.000 r  
    E3                                                0.000     0.000 r  clk (IN)
                         net (fo=0)                   0.000     0.000    cachecontroller_inst/clk_gen/inst/clk_in1
    E3                   IBUF (Prop_ibuf_I_O)         1.482     1.482 r  cachecontroller_inst/clk_gen/inst/clkin1_ibufg/O
                         net (fo=1, routed)           1.233     2.715    cachecontroller_inst/clk_gen/inst/clk_in1_clk_wiz_0
    MMCME2_ADV_X1Y2      MMCME2_ADV (Prop_mmcme2_adv_CLKIN1_CLKOUT1)
                                                      0.088     2.803 r  cachecontroller_inst/clk_gen/inst/mmcm_adv_inst/CLKOUT1
                         net (fo=2, routed)           1.719     4.522    cachecontroller_inst/clk_gen/inst/clk_out2_clk_wiz_0
    BUFGCTRL_X0Y17       BUFGCTRL (Prop_bufgctrl_I0_O)
                                                      0.096     4.618 r  cachecontroller_inst/clk_gen/inst/clkout2_buf/O
                         net (fo=3967, routed)        1.731     6.350    cachecontroller_inst/dram_buf/response_fifo/U0/inst_fifo_gen/gconvfifo.rf/grf.rf/gntv_or_sync_fifo.gcx.clkx/rd_pntr_cdc_inst/src_clk
    SLICE_X82Y99         FDRE                                         r  cachecontroller_inst/dram_buf/response_fifo/U0/inst_fifo_gen/gconvfifo.rf/grf.rf/gntv_or_sync_fifo.gcx.clkx/rd_pntr_cdc_inst/src_gray_ff_reg[9]/C
  -------------------------------------------------------------------    -------------------
    SLICE_X82Y99         FDRE (Prop_fdre_C_Q)         0.456     6.806 r  cachecontroller_inst/dram_buf/response_fifo/U0/inst_fifo_gen/gconvfifo.rf/grf.rf/gntv_or_sync_fifo.gcx.clkx/rd_pntr_cdc_inst/src_gray_ff_reg[9]/Q
                         net (fo=1, routed)           0.536     7.342    cachecontroller_inst/dram_buf/response_fifo/U0/inst_fifo_gen/gconvfifo.rf/grf.rf/gntv_or_sync_fifo.gcx.clkx/rd_pntr_cdc_inst/async_path[9]
    SLICE_X81Y99         FDRE                                         r  cachecontroller_inst/dram_buf/response_fifo/U0/inst_fifo_gen/gconvfifo.rf/grf.rf/gntv_or_sync_fifo.gcx.clkx/rd_pntr_cdc_inst/dest_graysync_ff_reg[0][9]/D
  -------------------------------------------------------------------    -------------------

                         (clock clk_pll_i_1 rise edge)
                                                      0.000     0.000 r  
    E3                                                0.000     0.000 r  clk (IN)
                         net (fo=0)                   0.000     0.000    cachecontroller_inst/clk_gen/inst/clk_in1
    E3                   IBUF (Prop_ibuf_I_O)         1.411     1.411 r  cachecontroller_inst/clk_gen/inst/clkin1_ibufg/O
                         net (fo=1, routed)           1.162     2.573    cachecontroller_inst/clk_gen/inst/clk_in1_clk_wiz_0
    MMCME2_ADV_X1Y2      MMCME2_ADV (Prop_mmcme2_adv_CLKIN1_CLKOUT0)
                                                      0.083     2.656 r  cachecontroller_inst/clk_gen/inst/mmcm_adv_inst/CLKOUT0
                         net (fo=2, routed)           1.639     4.295    cachecontroller_inst/clk_gen/inst/clk_out1_clk_wiz_0
    BUFGCTRL_X0Y16       BUFGCTRL (Prop_bufgctrl_I0_O)
                                                      0.091     4.386 r  cachecontroller_inst/clk_gen/inst/clkout1_buf/O
                         net (fo=63, routed)          1.544     5.931    cachecontroller_inst/dram_controller/mig/u_mig_7series_0_mig/u_ddr2_infrastructure/pi_dqs_found_lanes_r1_reg[2]
    PLLE2_ADV_X1Y1       PLLE2_ADV (Prop_plle2_adv_CLKIN1_CLKOUT3)
                                                      0.083     6.014 r  cachecontroller_inst/dram_controller/mig/u_mig_7series_0_mig/u_ddr2_infrastructure/plle2_i/CLKOUT3
                         net (fo=1, routed)           1.205     7.219    cachecontroller_inst/dram_controller/mig/u_mig_7series_0_mig/u_ddr2_infrastructure/pll_clk3_out
    BUFHCE_X1Y12         BUFH (Prop_bufh_I_O)         0.081     7.300 r  cachecontroller_inst/dram_controller/mig/u_mig_7series_0_mig/u_ddr2_infrastructure/u_bufh_pll_clk3/O
                         net (fo=1, routed)           0.799     8.099    cachecontroller_inst/dram_controller/mig/u_mig_7series_0_mig/u_ddr2_infrastructure/pll_clk3
    MMCME2_ADV_X1Y1      MMCME2_ADV (Prop_mmcme2_adv_CLKIN1_CLKFBOUT)
                                                     -3.249     4.849 r  cachecontroller_inst/dram_controller/mig/u_mig_7series_0_mig/u_ddr2_infrastructure/gen_mmcm.mmcm_i/CLKFBOUT
                         net (fo=1, routed)           1.639     6.488    cachecontroller_inst/dram_controller/mig/u_mig_7series_0_mig/u_ddr2_infrastructure/clk_pll_i
    BUFGCTRL_X0Y0        BUFG (Prop_bufg_I_O)         0.091     6.579 r  cachecontroller_inst/dram_controller/mig/u_mig_7series_0_mig/u_ddr2_infrastructure/u_bufg_clkdiv0/O
                         net (fo=4458, routed)        1.601     8.181    cachecontroller_inst/dram_buf/response_fifo/U0/inst_fifo_gen/gconvfifo.rf/grf.rf/gntv_or_sync_fifo.gcx.clkx/rd_pntr_cdc_inst/dest_clk
    SLICE_X81Y99         FDRE                                         r  cachecontroller_inst/dram_buf/response_fifo/U0/inst_fifo_gen/gconvfifo.rf/grf.rf/gntv_or_sync_fifo.gcx.clkx/rd_pntr_cdc_inst/dest_graysync_ff_reg[0][9]/C
                         clock pessimism              0.147     8.327    
    SLICE_X81Y99         FDRE (Setup_fdre_C_D)       -0.095     8.232    cachecontroller_inst/dram_buf/response_fifo/U0/inst_fifo_gen/gconvfifo.rf/grf.rf/gntv_or_sync_fifo.gcx.clkx/rd_pntr_cdc_inst/dest_graysync_ff_reg[0][9]
  -------------------------------------------------------------------
                         data arrival                           7.342    
                         clock arrival                          8.232    
  -------------------------------------------------------------------
                         relative delay                        -0.890    

Reference path:
    Location             Delay type                Incr(ns)  Path(ns)    Netlist Resource(s)
  -------------------------------------------------------------------    -------------------
                         (clock clk_out2_clk_wiz_0_1 rise edge)
                                                      0.000     0.000 r  
    E3                                                0.000     0.000 r  clk (IN)
                         net (fo=0)                   0.000     0.000    cachecontroller_inst/clk_gen/inst/clk_in1
    E3                   IBUF (Prop_ibuf_I_O)         1.411     1.411 r  cachecontroller_inst/clk_gen/inst/clkin1_ibufg/O
                         net (fo=1, routed)           1.162     2.573    cachecontroller_inst/clk_gen/inst/clk_in1_clk_wiz_0
    MMCME2_ADV_X1Y2      MMCME2_ADV (Prop_mmcme2_adv_CLKIN1_CLKOUT1)
                                                      0.083     2.656 r  cachecontroller_inst/clk_gen/inst/mmcm_adv_inst/CLKOUT1
                         net (fo=2, routed)           1.639     4.295    cachecontroller_inst/clk_gen/inst/clk_out2_clk_wiz_0
    BUFGCTRL_X0Y17       BUFGCTRL (Prop_bufgctrl_I0_O)
                                                      0.091     4.386 r  cachecontroller_inst/clk_gen/inst/clkout2_buf/O
                         net (fo=3967, routed)        1.601     5.988    cachecontroller_inst/dram_buf/response_fifo/U0/inst_fifo_gen/gconvfifo.rf/grf.rf/gntv_or_sync_fifo.gcx.clkx/rd_pntr_cdc_inst/src_clk
    SLICE_X79Y98         FDRE                                         r  cachecontroller_inst/dram_buf/response_fifo/U0/inst_fifo_gen/gconvfifo.rf/grf.rf/gntv_or_sync_fifo.gcx.clkx/rd_pntr_cdc_inst/src_gray_ff_reg[0]/C
  -------------------------------------------------------------------    -------------------
    SLICE_X79Y98         FDRE (Prop_fdre_C_Q)         0.367     6.355 r  cachecontroller_inst/dram_buf/response_fifo/U0/inst_fifo_gen/gconvfifo.rf/grf.rf/gntv_or_sync_fifo.gcx.clkx/rd_pntr_cdc_inst/src_gray_ff_reg[0]/Q
                         net (fo=1, routed)           0.257     6.612    cachecontroller_inst/dram_buf/response_fifo/U0/inst_fifo_gen/gconvfifo.rf/grf.rf/gntv_or_sync_fifo.gcx.clkx/rd_pntr_cdc_inst/async_path[0]
    SLICE_X78Y97         FDRE                                         r  cachecontroller_inst/dram_buf/response_fifo/U0/inst_fifo_gen/gconvfifo.rf/grf.rf/gntv_or_sync_fifo.gcx.clkx/rd_pntr_cdc_inst/dest_graysync_ff_reg[0][0]/D
  -------------------------------------------------------------------    -------------------

                         (clock clk_pll_i rise edge)
                                                      0.000     0.000 r  
    E3                                                0.000     0.000 r  clk (IN)
                         net (fo=0)                   0.000     0.000    cachecontroller_inst/clk_gen/inst/clk_in1
    E3                   IBUF (Prop_ibuf_I_O)         1.482     1.482 r  cachecontroller_inst/clk_gen/inst/clkin1_ibufg/O
                         net (fo=1, routed)           1.233     2.715    cachecontroller_inst/clk_gen/inst/clk_in1_clk_wiz_0
    MMCME2_ADV_X1Y2      MMCME2_ADV (Prop_mmcme2_adv_CLKIN1_CLKOUT0)
                                                      0.088     2.803 r  cachecontroller_inst/clk_gen/inst/mmcm_adv_inst/CLKOUT0
                         net (fo=2, routed)           1.719     4.522    cachecontroller_inst/clk_gen/inst/clk_out1_clk_wiz_0
    BUFGCTRL_X0Y16       BUFGCTRL (Prop_bufgctrl_I0_O)
                                                      0.096     4.618 r  cachecontroller_inst/clk_gen/inst/clkout1_buf/O
                         net (fo=63, routed)          1.666     6.285    cachecontroller_inst/dram_controller/mig/u_mig_7series_0_mig/u_ddr2_infrastructure/pi_dqs_found_lanes_r1_reg[2]
    PLLE2_ADV_X1Y1       PLLE2_ADV (Prop_plle2_adv_CLKIN1_CLKOUT3)
                                                      0.088     6.373 r  cachecontroller_inst/dram_controller/mig/u_mig_7series_0_mig/u_ddr2_infrastructure/plle2_i/CLKOUT3
                         net (fo=1, routed)           1.281     7.654    cachecontroller_inst/dram_controller/mig/u_mig_7series_0_mig/u_ddr2_infrastructure/pll_clk3_out
    BUFHCE_X1Y12         BUFH (Prop_bufh_I_O)         0.127     7.781 r  cachecontroller_inst/dram_controller/mig/u_mig_7series_0_mig/u_ddr2_infrastructure/u_bufh_pll_clk3/O
                         net (fo=1, routed)           0.841     8.622    cachecontroller_inst/dram_controller/mig/u_mig_7series_0_mig/u_ddr2_infrastructure/pll_clk3
    MMCME2_ADV_X1Y1      MMCME2_ADV (Prop_mmcme2_adv_CLKIN1_CLKFBOUT)
                                                     -3.457     5.165 r  cachecontroller_inst/dram_controller/mig/u_mig_7series_0_mig/u_ddr2_infrastructure/gen_mmcm.mmcm_i/CLKFBOUT
                         net (fo=1, routed)           1.719     6.884    cachecontroller_inst/dram_controller/mig/u_mig_7series_0_mig/u_ddr2_infrastructure/clk_pll_i
    BUFGCTRL_X0Y0        BUFG (Prop_bufg_I_O)         0.096     6.980 r  cachecontroller_inst/dram_controller/mig/u_mig_7series_0_mig/u_ddr2_infrastructure/u_bufg_clkdiv0/O
                         net (fo=4458, routed)        1.720     8.701    cachecontroller_inst/dram_buf/response_fifo/U0/inst_fifo_gen/gconvfifo.rf/grf.rf/gntv_or_sync_fifo.gcx.clkx/rd_pntr_cdc_inst/dest_clk
    SLICE_X78Y97         FDRE                                         r  cachecontroller_inst/dram_buf/response_fifo/U0/inst_fifo_gen/gconvfifo.rf/grf.rf/gntv_or_sync_fifo.gcx.clkx/rd_pntr_cdc_inst/dest_graysync_ff_reg[0][0]/C
                         clock pessimism             -0.147     8.554    
    SLICE_X78Y97         FDRE (Hold_fdre_C_D)         0.230     8.784    cachecontroller_inst/dram_buf/response_fifo/U0/inst_fifo_gen/gconvfifo.rf/grf.rf/gntv_or_sync_fifo.gcx.clkx/rd_pntr_cdc_inst/dest_graysync_ff_reg[0][0]
  -------------------------------------------------------------------
                         data arrival                           6.612    
                         clock arrival                          8.784    
  -------------------------------------------------------------------
                         relative delay                        -2.172    



Id: 4
set_bus_skew -from [get_cells [list {cachecontroller_inst/dram_buf/response_fifo/U0/inst_fifo_gen/gconvfifo.rf/grf.rf/gntv_or_sync_fifo.gcx.clkx/wr_pntr_cdc_inst/src_gray_ff_reg[0]} {cachecontroller_inst/dram_buf/response_fifo/U0/inst_fifo_gen/gconvfifo.rf/grf.rf/gntv_or_sync_fifo.gcx.clkx/wr_pntr_cdc_inst/src_gray_ff_reg[1]} {cachecontroller_inst/dram_buf/response_fifo/U0/inst_fifo_gen/gconvfifo.rf/grf.rf/gntv_or_sync_fifo.gcx.clkx/wr_pntr_cdc_inst/src_gray_ff_reg[2]} {cachecontroller_inst/dram_buf/response_fifo/U0/inst_fifo_gen/gconvfifo.rf/grf.rf/gntv_or_sync_fifo.gcx.clkx/wr_pntr_cdc_inst/src_gray_ff_reg[3]} {cachecontroller_inst/dram_buf/response_fifo/U0/inst_fifo_gen/gconvfifo.rf/grf.rf/gntv_or_sync_fifo.gcx.clkx/wr_pntr_cdc_inst/src_gray_ff_reg[4]} {cachecontroller_inst/dram_buf/response_fifo/U0/inst_fifo_gen/gconvfifo.rf/grf.rf/gntv_or_sync_fifo.gcx.clkx/wr_pntr_cdc_inst/src_gray_ff_reg[5]} {cachecontroller_inst/dram_buf/response_fifo/U0/inst_fifo_gen/gconvfifo.rf/grf.rf/gntv_or_sync_fifo.gcx.clkx/wr_pntr_cdc_inst/src_gray_ff_reg[6]} {cachecontroller_inst/dram_buf/response_fifo/U0/inst_fifo_gen/gconvfifo.rf/grf.rf/gntv_or_sync_fifo.gcx.clkx/wr_pntr_cdc_inst/src_gray_ff_reg[7]} {cachecontroller_inst/dram_buf/response_fifo/U0/inst_fifo_gen/gconvfifo.rf/grf.rf/gntv_or_sync_fifo.gcx.clkx/wr_pntr_cdc_inst/src_gray_ff_reg[8]} {cachecontroller_inst/dram_buf/response_fifo/U0/inst_fifo_gen/gconvfifo.rf/grf.rf/gntv_or_sync_fifo.gcx.clkx/wr_pntr_cdc_inst/src_gray_ff_reg[9]}]] -to [get_cells [list {cachecontroller_inst/dram_buf/response_fifo/U0/inst_fifo_gen/gconvfifo.rf/grf.rf/gntv_or_sync_fifo.gcx.clkx/wr_pntr_cdc_inst/dest_graysync_ff_reg[0][0]} {cachecontroller_inst/dram_buf/response_fifo/U0/inst_fifo_gen/gconvfifo.rf/grf.rf/gntv_or_sync_fifo.gcx.clkx/wr_pntr_cdc_inst/dest_graysync_ff_reg[0][1]} {cachecontroller_inst/dram_buf/response_fifo/U0/inst_fifo_gen/gconvfifo.rf/grf.rf/gntv_or_sync_fifo.gcx.clkx/wr_pntr_cdc_inst/dest_graysync_ff_reg[0][2]} {cachecontroller_inst/dram_buf/response_fifo/U0/inst_fifo_gen/gconvfifo.rf/grf.rf/gntv_or_sync_fifo.gcx.clkx/wr_pntr_cdc_inst/dest_graysync_ff_reg[0][3]} {cachecontroller_inst/dram_buf/response_fifo/U0/inst_fifo_gen/gconvfifo.rf/grf.rf/gntv_or_sync_fifo.gcx.clkx/wr_pntr_cdc_inst/dest_graysync_ff_reg[0][4]} {cachecontroller_inst/dram_buf/response_fifo/U0/inst_fifo_gen/gconvfifo.rf/grf.rf/gntv_or_sync_fifo.gcx.clkx/wr_pntr_cdc_inst/dest_graysync_ff_reg[0][5]} {cachecontroller_inst/dram_buf/response_fifo/U0/inst_fifo_gen/gconvfifo.rf/grf.rf/gntv_or_sync_fifo.gcx.clkx/wr_pntr_cdc_inst/dest_graysync_ff_reg[0][6]} {cachecontroller_inst/dram_buf/response_fifo/U0/inst_fifo_gen/gconvfifo.rf/grf.rf/gntv_or_sync_fifo.gcx.clkx/wr_pntr_cdc_inst/dest_graysync_ff_reg[0][7]} {cachecontroller_inst/dram_buf/response_fifo/U0/inst_fifo_gen/gconvfifo.rf/grf.rf/gntv_or_sync_fifo.gcx.clkx/wr_pntr_cdc_inst/dest_graysync_ff_reg[0][8]} {cachecontroller_inst/dram_buf/response_fifo/U0/inst_fifo_gen/gconvfifo.rf/grf.rf/gntv_or_sync_fifo.gcx.clkx/wr_pntr_cdc_inst/dest_graysync_ff_reg[0][9]}]] 20.000
Requirement: 20.000ns
Endpoints: 10

From Clock            To Clock              Endpoint Pin                    Reference Pin                   Corner  Actual(ns)  Slack(ns)
--------------------  --------------------  ------------------------------  ------------------------------  ------  ----------  ---------
clk_pll_i             clk_out2_clk_wiz_0    cachecontroller_inst/dram_buf/response_fifo/U0/inst_fifo_gen/gconvfifo.rf/grf.rf/gntv_or_sync_fifo.gcx.clkx/wr_pntr_cdc_inst/dest_graysync_ff_reg[0][9]/D
                                                                            cachecontroller_inst/dram_buf/response_fifo/U0/inst_fifo_gen/gconvfifo.rf/grf.rf/gntv_or_sync_fifo.gcx.clkx/wr_pntr_cdc_inst/dest_graysync_ff_reg[0][6]/D
                                                                                                            Slow         1.368     18.632


Slack (MET) :             18.632ns  (requirement - actual skew)
  Endpoint Source:        cachecontroller_inst/dram_buf/response_fifo/U0/inst_fifo_gen/gconvfifo.rf/grf.rf/gntv_or_sync_fifo.gcx.clkx/wr_pntr_cdc_inst/src_gray_ff_reg[9]/C
                            (rising edge-triggered cell FDRE clocked by clk_pll_i)
  Endpoint Destination:   cachecontroller_inst/dram_buf/response_fifo/U0/inst_fifo_gen/gconvfifo.rf/grf.rf/gntv_or_sync_fifo.gcx.clkx/wr_pntr_cdc_inst/dest_graysync_ff_reg[0][9]/D
                            (rising edge-triggered cell FDRE clocked by clk_out2_clk_wiz_0)
  Reference Source:       cachecontroller_inst/dram_buf/response_fifo/U0/inst_fifo_gen/gconvfifo.rf/grf.rf/gntv_or_sync_fifo.gcx.clkx/wr_pntr_cdc_inst/src_gray_ff_reg[6]/C
                            (rising edge-triggered cell FDRE clocked by clk_pll_i)
  Reference Destination:  cachecontroller_inst/dram_buf/response_fifo/U0/inst_fifo_gen/gconvfifo.rf/grf.rf/gntv_or_sync_fifo.gcx.clkx/wr_pntr_cdc_inst/dest_graysync_ff_reg[0][6]/D
                            (rising edge-triggered cell FDRE clocked by clk_out2_clk_wiz_0)
  Path Type:              Bus Skew (Max at Slow Process Corner)
  Requirement:            20.000ns
  Endpoint Relative Delay:    3.858ns
  Reference Relative Delay:   2.411ns
  Relative CRPR:              0.340ns
  Uncertainty:                0.261ns
  Actual Bus Skew:            1.368ns  (Endpoint Relative Delay - Reference Relative Delay - Relative CRPR + Uncertainty)

Endpoint path:
    Location             Delay type                Incr(ns)  Path(ns)    Netlist Resource(s)
  -------------------------------------------------------------------    -------------------
                         (clock clk_pll_i rise edge)
                                                      0.000     0.000 r  
    E3                                                0.000     0.000 r  clk (IN)
                         net (fo=0)                   0.000     0.000    cachecontroller_inst/clk_gen/inst/clk_in1
    E3                   IBUF (Prop_ibuf_I_O)         1.482     1.482 r  cachecontroller_inst/clk_gen/inst/clkin1_ibufg/O
                         net (fo=1, routed)           1.233     2.715    cachecontroller_inst/clk_gen/inst/clk_in1_clk_wiz_0
    MMCME2_ADV_X1Y2      MMCME2_ADV (Prop_mmcme2_adv_CLKIN1_CLKOUT0)
                                                      0.088     2.803 r  cachecontroller_inst/clk_gen/inst/mmcm_adv_inst/CLKOUT0
                         net (fo=2, routed)           1.719     4.522    cachecontroller_inst/clk_gen/inst/clk_out1_clk_wiz_0
    BUFGCTRL_X0Y16       BUFGCTRL (Prop_bufgctrl_I0_O)
                                                      0.096     4.618 r  cachecontroller_inst/clk_gen/inst/clkout1_buf/O
                         net (fo=63, routed)          1.666     6.285    cachecontroller_inst/dram_controller/mig/u_mig_7series_0_mig/u_ddr2_infrastructure/pi_dqs_found_lanes_r1_reg[2]
    PLLE2_ADV_X1Y1       PLLE2_ADV (Prop_plle2_adv_CLKIN1_CLKOUT3)
                                                      0.088     6.373 r  cachecontroller_inst/dram_controller/mig/u_mig_7series_0_mig/u_ddr2_infrastructure/plle2_i/CLKOUT3
                         net (fo=1, routed)           1.281     7.654    cachecontroller_inst/dram_controller/mig/u_mig_7series_0_mig/u_ddr2_infrastructure/pll_clk3_out
    BUFHCE_X1Y12         BUFH (Prop_bufh_I_O)         0.127     7.781 r  cachecontroller_inst/dram_controller/mig/u_mig_7series_0_mig/u_ddr2_infrastructure/u_bufh_pll_clk3/O
                         net (fo=1, routed)           0.841     8.622    cachecontroller_inst/dram_controller/mig/u_mig_7series_0_mig/u_ddr2_infrastructure/pll_clk3
    MMCME2_ADV_X1Y1      MMCME2_ADV (Prop_mmcme2_adv_CLKIN1_CLKFBOUT)
                                                     -3.457     5.165 r  cachecontroller_inst/dram_controller/mig/u_mig_7series_0_mig/u_ddr2_infrastructure/gen_mmcm.mmcm_i/CLKFBOUT
                         net (fo=1, routed)           1.719     6.884    cachecontroller_inst/dram_controller/mig/u_mig_7series_0_mig/u_ddr2_infrastructure/clk_pll_i
    BUFGCTRL_X0Y0        BUFG (Prop_bufg_I_O)         0.096     6.980 r  cachecontroller_inst/dram_controller/mig/u_mig_7series_0_mig/u_ddr2_infrastructure/u_bufg_clkdiv0/O
                         net (fo=4458, routed)        1.702     8.682    cachecontroller_inst/dram_buf/response_fifo/U0/inst_fifo_gen/gconvfifo.rf/grf.rf/gntv_or_sync_fifo.gcx.clkx/wr_pntr_cdc_inst/src_clk
    SLICE_X73Y100        FDRE                                         r  cachecontroller_inst/dram_buf/response_fifo/U0/inst_fifo_gen/gconvfifo.rf/grf.rf/gntv_or_sync_fifo.gcx.clkx/wr_pntr_cdc_inst/src_gray_ff_reg[9]/C
  -------------------------------------------------------------------    -------------------
    SLICE_X73Y100        FDRE (Prop_fdre_C_Q)         0.419     9.101 r  cachecontroller_inst/dram_buf/response_fifo/U0/inst_fifo_gen/gconvfifo.rf/grf.rf/gntv_or_sync_fifo.gcx.clkx/wr_pntr_cdc_inst/src_gray_ff_reg[9]/Q
                         net (fo=1, routed)           0.599     9.700    cachecontroller_inst/dram_buf/response_fifo/U0/inst_fifo_gen/gconvfifo.rf/grf.rf/gntv_or_sync_fifo.gcx.clkx/wr_pntr_cdc_inst/async_path[9]
    SLICE_X72Y100        FDRE                                         r  cachecontroller_inst/dram_buf/response_fifo/U0/inst_fifo_gen/gconvfifo.rf/grf.rf/gntv_or_sync_fifo.gcx.clkx/wr_pntr_cdc_inst/dest_graysync_ff_reg[0][9]/D
  -------------------------------------------------------------------    -------------------

                         (clock clk_out2_clk_wiz_0 rise edge)
                                                      0.000     0.000 r  
    E3                                                0.000     0.000 r  clk (IN)
                         net (fo=0)                   0.000     0.000    cachecontroller_inst/clk_gen/inst/clk_in1
    E3                   IBUF (Prop_ibuf_I_O)         1.411     1.411 r  cachecontroller_inst/clk_gen/inst/clkin1_ibufg/O
                         net (fo=1, routed)           1.162     2.573    cachecontroller_inst/clk_gen/inst/clk_in1_clk_wiz_0
    MMCME2_ADV_X1Y2      MMCME2_ADV (Prop_mmcme2_adv_CLKIN1_CLKOUT1)
                                                      0.083     2.656 r  cachecontroller_inst/clk_gen/inst/mmcm_adv_inst/CLKOUT1
                         net (fo=2, routed)           1.639     4.295    cachecontroller_inst/clk_gen/inst/clk_out2_clk_wiz_0
    BUFGCTRL_X0Y17       BUFGCTRL (Prop_bufgctrl_I0_O)
                                                      0.091     4.386 r  cachecontroller_inst/clk_gen/inst/clkout2_buf/O
                         net (fo=3967, routed)        1.580     5.966    cachecontroller_inst/dram_buf/response_fifo/U0/inst_fifo_gen/gconvfifo.rf/grf.rf/gntv_or_sync_fifo.gcx.clkx/wr_pntr_cdc_inst/dest_clk
    SLICE_X72Y100        FDRE                                         r  cachecontroller_inst/dram_buf/response_fifo/U0/inst_fifo_gen/gconvfifo.rf/grf.rf/gntv_or_sync_fifo.gcx.clkx/wr_pntr_cdc_inst/dest_graysync_ff_reg[0][9]/C
                         clock pessimism              0.147     6.113    
    SLICE_X72Y100        FDRE (Setup_fdre_C_D)       -0.270     5.843    cachecontroller_inst/dram_buf/response_fifo/U0/inst_fifo_gen/gconvfifo.rf/grf.rf/gntv_or_sync_fifo.gcx.clkx/wr_pntr_cdc_inst/dest_graysync_ff_reg[0][9]
  -------------------------------------------------------------------
                         data arrival                           9.700    
                         clock arrival                          5.843    
  -------------------------------------------------------------------
                         relative delay                         3.858    

Reference path:
    Location             Delay type                Incr(ns)  Path(ns)    Netlist Resource(s)
  -------------------------------------------------------------------    -------------------
                         (clock clk_pll_i rise edge)
                                                      0.000     0.000 r  
    E3                                                0.000     0.000 r  clk (IN)
                         net (fo=0)                   0.000     0.000    cachecontroller_inst/clk_gen/inst/clk_in1
    E3                   IBUF (Prop_ibuf_I_O)         1.411     1.411 r  cachecontroller_inst/clk_gen/inst/clkin1_ibufg/O
                         net (fo=1, routed)           1.162     2.573    cachecontroller_inst/clk_gen/inst/clk_in1_clk_wiz_0
    MMCME2_ADV_X1Y2      MMCME2_ADV (Prop_mmcme2_adv_CLKIN1_CLKOUT0)
                                                      0.083     2.656 r  cachecontroller_inst/clk_gen/inst/mmcm_adv_inst/CLKOUT0
                         net (fo=2, routed)           1.639     4.295    cachecontroller_inst/clk_gen/inst/clk_out1_clk_wiz_0
    BUFGCTRL_X0Y16       BUFGCTRL (Prop_bufgctrl_I0_O)
                                                      0.091     4.386 r  cachecontroller_inst/clk_gen/inst/clkout1_buf/O
                         net (fo=63, routed)          1.544     5.931    cachecontroller_inst/dram_controller/mig/u_mig_7series_0_mig/u_ddr2_infrastructure/pi_dqs_found_lanes_r1_reg[2]
    PLLE2_ADV_X1Y1       PLLE2_ADV (Prop_plle2_adv_CLKIN1_CLKOUT3)
                                                      0.083     6.014 r  cachecontroller_inst/dram_controller/mig/u_mig_7series_0_mig/u_ddr2_infrastructure/plle2_i/CLKOUT3
                         net (fo=1, routed)           1.205     7.219    cachecontroller_inst/dram_controller/mig/u_mig_7series_0_mig/u_ddr2_infrastructure/pll_clk3_out
    BUFHCE_X1Y12         BUFH (Prop_bufh_I_O)         0.081     7.300 r  cachecontroller_inst/dram_controller/mig/u_mig_7series_0_mig/u_ddr2_infrastructure/u_bufh_pll_clk3/O
                         net (fo=1, routed)           0.799     8.099    cachecontroller_inst/dram_controller/mig/u_mig_7series_0_mig/u_ddr2_infrastructure/pll_clk3
    MMCME2_ADV_X1Y1      MMCME2_ADV (Prop_mmcme2_adv_CLKIN1_CLKFBOUT)
                                                     -3.249     4.849 r  cachecontroller_inst/dram_controller/mig/u_mig_7series_0_mig/u_ddr2_infrastructure/gen_mmcm.mmcm_i/CLKFBOUT
                         net (fo=1, routed)           1.639     6.488    cachecontroller_inst/dram_controller/mig/u_mig_7series_0_mig/u_ddr2_infrastructure/clk_pll_i
    BUFGCTRL_X0Y0        BUFG (Prop_bufg_I_O)         0.091     6.579 r  cachecontroller_inst/dram_controller/mig/u_mig_7series_0_mig/u_ddr2_infrastructure/u_bufg_clkdiv0/O
                         net (fo=4458, routed)        1.595     8.175    cachecontroller_inst/dram_buf/response_fifo/U0/inst_fifo_gen/gconvfifo.rf/grf.rf/gntv_or_sync_fifo.gcx.clkx/wr_pntr_cdc_inst/src_clk
    SLICE_X75Y98         FDRE                                         r  cachecontroller_inst/dram_buf/response_fifo/U0/inst_fifo_gen/gconvfifo.rf/grf.rf/gntv_or_sync_fifo.gcx.clkx/wr_pntr_cdc_inst/src_gray_ff_reg[6]/C
  -------------------------------------------------------------------    -------------------
    SLICE_X75Y98         FDRE (Prop_fdre_C_Q)         0.367     8.542 r  cachecontroller_inst/dram_buf/response_fifo/U0/inst_fifo_gen/gconvfifo.rf/grf.rf/gntv_or_sync_fifo.gcx.clkx/wr_pntr_cdc_inst/src_gray_ff_reg[6]/Q
                         net (fo=1, routed)           0.290     8.832    cachecontroller_inst/dram_buf/response_fifo/U0/inst_fifo_gen/gconvfifo.rf/grf.rf/gntv_or_sync_fifo.gcx.clkx/wr_pntr_cdc_inst/async_path[6]
    SLICE_X74Y98         FDRE                                         r  cachecontroller_inst/dram_buf/response_fifo/U0/inst_fifo_gen/gconvfifo.rf/grf.rf/gntv_or_sync_fifo.gcx.clkx/wr_pntr_cdc_inst/dest_graysync_ff_reg[0][6]/D
  -------------------------------------------------------------------    -------------------

                         (clock clk_out2_clk_wiz_0 rise edge)
                                                      0.000     0.000 r  
    E3                                                0.000     0.000 r  clk (IN)
                         net (fo=0)                   0.000     0.000    cachecontroller_inst/clk_gen/inst/clk_in1
    E3                   IBUF (Prop_ibuf_I_O)         1.482     1.482 r  cachecontroller_inst/clk_gen/inst/clkin1_ibufg/O
                         net (fo=1, routed)           1.233     2.715    cachecontroller_inst/clk_gen/inst/clk_in1_clk_wiz_0
    MMCME2_ADV_X1Y2      MMCME2_ADV (Prop_mmcme2_adv_CLKIN1_CLKOUT1)
                                                      0.088     2.803 r  cachecontroller_inst/clk_gen/inst/mmcm_adv_inst/CLKOUT1
                         net (fo=2, routed)           1.719     4.522    cachecontroller_inst/clk_gen/inst/clk_out2_clk_wiz_0
    BUFGCTRL_X0Y17       BUFGCTRL (Prop_bufgctrl_I0_O)
                                                      0.096     4.618 r  cachecontroller_inst/clk_gen/inst/clkout2_buf/O
                         net (fo=3967, routed)        1.718     6.337    cachecontroller_inst/dram_buf/response_fifo/U0/inst_fifo_gen/gconvfifo.rf/grf.rf/gntv_or_sync_fifo.gcx.clkx/wr_pntr_cdc_inst/dest_clk
    SLICE_X74Y98         FDRE                                         r  cachecontroller_inst/dram_buf/response_fifo/U0/inst_fifo_gen/gconvfifo.rf/grf.rf/gntv_or_sync_fifo.gcx.clkx/wr_pntr_cdc_inst/dest_graysync_ff_reg[0][6]/C
                         clock pessimism             -0.147     6.190    
    SLICE_X74Y98         FDRE (Hold_fdre_C_D)         0.231     6.421    cachecontroller_inst/dram_buf/response_fifo/U0/inst_fifo_gen/gconvfifo.rf/grf.rf/gntv_or_sync_fifo.gcx.clkx/wr_pntr_cdc_inst/dest_graysync_ff_reg[0][6]
  -------------------------------------------------------------------
                         data arrival                           8.832    
                         clock arrival                          6.421    
  -------------------------------------------------------------------
                         relative delay                         2.411    



