Copyright 1986-2020 Xilinx, Inc. All Rights Reserved.
------------------------------------------------------------------------------------------------
| Tool Version : Vivado v.2020.2 (win64) Build 3064766 Wed Nov 18 09:12:45 MST 2020
| Date         : Tue Mar 10 02:07:13 2026
| Host         : ispc_JPH245YLQ9 running 64-bit major release  (build 9200)
| Command      : report_drc -file top_drc_opted.rpt -pb top_drc_opted.pb -rpx top_drc_opted.rpx
| Design       : top
| Device       : xc7a100tcsg324-1
| Speed File   : -1
| Design State : Synthesized
------------------------------------------------------------------------------------------------

Report DRC

Table of Contents
-----------------
1. REPORT SUMMARY
2. REPORT DETAILS

1. REPORT SUMMARY
-----------------
            Netlist: netlist
          Floorplan: design_1
      Design limits: <entire design considered>
           Ruledeck: default
             Max violations: <unlimited>
             Violations found: 93
+-----------+----------+-----------------------------------------------------+------------+
| Rule      | Severity | Description                                         | Violations |
+-----------+----------+-----------------------------------------------------+------------+
| CFGBVS-1  | Warning  | Missing CFGBVS and CONFIG_VOLTAGE Design Properties | 1          |
| CHECK-3   | Warning  | Report rule limit reached                           | 2          |
| DPIP-1    | Warning  | Input pipelining                                    | 19         |
| DPOP-1    | Warning  | PREG Output pipelining                              | 5          |
| DPOP-2    | Warning  | MREG Output pipelining                              | 8          |
| DPOR-1    | Warning  | Asynchronous load check                             | 17         |
| REQP-1709 | Warning  | Clock output buffering                              | 1          |
| REQP-1839 | Warning  | RAMB36 async control check                          | 20         |
| REQP-1840 | Warning  | RAMB18 async control check                          | 20         |
+-----------+----------+-----------------------------------------------------+------------+

2. REPORT DETAILS
-----------------
CFGBVS-1#1 Warning
Missing CFGBVS and CONFIG_VOLTAGE Design Properties  
Neither the CFGBVS nor CONFIG_VOLTAGE voltage property is set in the current_design.  Configuration bank voltage select (CFGBVS) must be set to VCCO or GND, and CONFIG_VOLTAGE must be set to the correct configuration voltage, in order to determine the I/O voltage support for the pins in bank 0.  It is suggested to specify these either using the 'Edit Device Properties' function in the GUI or directly in the XDC file using the following syntax:

 set_property CFGBVS value1 [current_design]
 #where value1 is either VCCO or GND

 set_property CONFIG_VOLTAGE value2 [current_design]
 #where value2 is the voltage provided to configuration bank 0

Refer to the device configuration user guide for more information.
Related violations: <none>

CHECK-3#1 Warning
Report rule limit reached  
REQP-1839 rule limit reached: 20 violations have been found.
Related violations: <none>

CHECK-3#2 Warning
Report rule limit reached  
REQP-1840 rule limit reached: 20 violations have been found.
Related violations: <none>

DPIP-1#1 Warning
Input pipelining  
DSP mips_core/fpu_unit/u_fdiv/mult3_hi input mips_core/fpu_unit/u_fdiv/mult3_hi/A[29:0] is not pipelined. Pipelining DSP48 input will improve performance.
Related violations: <none>

DPIP-1#2 Warning
Input pipelining  
DSP mips_core/fpu_unit/u_fdiv/mult3_hi input mips_core/fpu_unit/u_fdiv/mult3_hi/B[17:0] is not pipelined. Pipelining DSP48 input will improve performance.
Related violations: <none>

DPIP-1#3 Warning
Input pipelining  
DSP mips_core/fpu_unit/u_fdiv/mult3_hi input mips_core/fpu_unit/u_fdiv/mult3_hi/C[47:0] is not pipelined. Pipelining DSP48 input will improve performance.
Related violations: <none>

DPIP-1#4 Warning
Input pipelining  
DSP mips_core/fpu_unit/u_fdiv/mult3_lo input mips_core/fpu_unit/u_fdiv/mult3_lo/A[29:0] is not pipelined. Pipelining DSP48 input will improve performance.
Related violations: <none>

DPIP-1#5 Warning
Input pipelining  
DSP mips_core/fpu_unit/u_fdiv/mult3_lo input mips_core/fpu_unit/u_fdiv/mult3_lo/B[17:0] is not pipelined. Pipelining DSP48 input will improve performance.
Related violations: <none>

DPIP-1#6 Warning
Input pipelining  
DSP mips_core/fpu_unit/u_fdiv/mult3_lo input mips_core/fpu_unit/u_fdiv/mult3_lo/C[47:0] is not pipelined. Pipelining DSP48 input will improve performance.
Related violations: <none>

DPIP-1#7 Warning
Input pipelining  
DSP mips_core/fpu_unit/u_fdiv/stage2_P input mips_core/fpu_unit/u_fdiv/stage2_P/A[29:0] is not pipelined. Pipelining DSP48 input will improve performance.
Related violations: <none>

DPIP-1#8 Warning
Input pipelining  
DSP mips_core/fpu_unit/u_fdiv/stage2_P input mips_core/fpu_unit/u_fdiv/stage2_P/B[17:0] is not pipelined. Pipelining DSP48 input will improve performance.
Related violations: <none>

DPIP-1#9 Warning
Input pipelining  
DSP mips_core/fpu_unit/u_fdiv/stage2_P input mips_core/fpu_unit/u_fdiv/stage2_P/C[47:0] is not pipelined. Pipelining DSP48 input will improve performance.
Related violations: <none>

DPIP-1#10 Warning
Input pipelining  
DSP mips_core/fpu_unit/u_fmul/s1_prod_reg0 input mips_core/fpu_unit/u_fmul/s1_prod_reg0/A[29:0] is not pipelined. Pipelining DSP48 input will improve performance.
Related violations: <none>

DPIP-1#11 Warning
Input pipelining  
DSP mips_core/fpu_unit/u_fmul/s1_prod_reg0 input mips_core/fpu_unit/u_fmul/s1_prod_reg0/B[17:0] is not pipelined. Pipelining DSP48 input will improve performance.
Related violations: <none>

DPIP-1#12 Warning
Input pipelining  
DSP mips_core/fpu_unit/u_fmul/s1_prod_reg0__0 input mips_core/fpu_unit/u_fmul/s1_prod_reg0__0/A[29:0] is not pipelined. Pipelining DSP48 input will improve performance.
Related violations: <none>

DPIP-1#13 Warning
Input pipelining  
DSP mips_core/fpu_unit/u_fmul/s1_prod_reg0__0 input mips_core/fpu_unit/u_fmul/s1_prod_reg0__0/B[17:0] is not pipelined. Pipelining DSP48 input will improve performance.
Related violations: <none>

DPIP-1#14 Warning
Input pipelining  
DSP mips_core/fpu_unit/u_fsqrt/a_x0_reg1 input mips_core/fpu_unit/u_fsqrt/a_x0_reg1/B[17:0] is not pipelined. Pipelining DSP48 input will improve performance.
Related violations: <none>

DPIP-1#15 Warning
Input pipelining  
DSP mips_core/fpu_unit/u_fsqrt/a_x0_reg1__0 input mips_core/fpu_unit/u_fsqrt/a_x0_reg1__0/B[17:0] is not pipelined. Pipelining DSP48 input will improve performance.
Related violations: <none>

DPIP-1#16 Warning
Input pipelining  
DSP mips_core/fpu_unit/u_fsqrt/delta_reg2 input mips_core/fpu_unit/u_fsqrt/delta_reg2/B[17:0] is not pipelined. Pipelining DSP48 input will improve performance.
Related violations: <none>

DPIP-1#17 Warning
Input pipelining  
DSP mips_core/fpu_unit/u_fsqrt/delta_reg2__0 input mips_core/fpu_unit/u_fsqrt/delta_reg2__0/B[17:0] is not pipelined. Pipelining DSP48 input will improve performance.
Related violations: <none>

DPIP-1#18 Warning
Input pipelining  
DSP mips_core/fpu_unit/u_fsqrt/exp_final2 input mips_core/fpu_unit/u_fsqrt/exp_final2/A[29:0] is not pipelined. Pipelining DSP48 input will improve performance.
Related violations: <none>

DPIP-1#19 Warning
Input pipelining  
DSP mips_core/fpu_unit/u_fsqrt/exp_final2 input mips_core/fpu_unit/u_fsqrt/exp_final2/B[17:0] is not pipelined. Pipelining DSP48 input will improve performance.
Related violations: <none>

DPOP-1#1 Warning
PREG Output pipelining  
DSP mips_core/fpu_unit/u_fdiv/mult3_hi output mips_core/fpu_unit/u_fdiv/mult3_hi/P[47:0] is not pipelined (PREG=0). Pipelining the DSP48 output will improve performance and often saves power so it is suggested whenever possible to fully pipeline this function.  If this DSP48 function was inferred, it is suggested to describe an additional register stage after this function.  If the DSP48 was instantiated in the design, it is suggested to set the PREG attribute to 1.
Related violations: <none>

DPOP-1#2 Warning
PREG Output pipelining  
DSP mips_core/fpu_unit/u_fdiv/mult3_lo output mips_core/fpu_unit/u_fdiv/mult3_lo/P[47:0] is not pipelined (PREG=0). Pipelining the DSP48 output will improve performance and often saves power so it is suggested whenever possible to fully pipeline this function.  If this DSP48 function was inferred, it is suggested to describe an additional register stage after this function.  If the DSP48 was instantiated in the design, it is suggested to set the PREG attribute to 1.
Related violations: <none>

DPOP-1#3 Warning
PREG Output pipelining  
DSP mips_core/fpu_unit/u_fmul/s1_prod_reg0 output mips_core/fpu_unit/u_fmul/s1_prod_reg0/P[47:0] is not pipelined (PREG=0). Pipelining the DSP48 output will improve performance and often saves power so it is suggested whenever possible to fully pipeline this function.  If this DSP48 function was inferred, it is suggested to describe an additional register stage after this function.  If the DSP48 was instantiated in the design, it is suggested to set the PREG attribute to 1.
Related violations: <none>

DPOP-1#4 Warning
PREG Output pipelining  
DSP mips_core/fpu_unit/u_fsqrt/delta_reg2__0 output mips_core/fpu_unit/u_fsqrt/delta_reg2__0/P[47:0] is not pipelined (PREG=0). Pipelining the DSP48 output will improve performance and often saves power so it is suggested whenever possible to fully pipeline this function.  If this DSP48 function was inferred, it is suggested to describe an additional register stage after this function.  If the DSP48 was instantiated in the design, it is suggested to set the PREG attribute to 1.
Related violations: <none>

DPOP-1#5 Warning
PREG Output pipelining  
DSP mips_core/fpu_unit/u_fsqrt/exp_final2 output mips_core/fpu_unit/u_fsqrt/exp_final2/P[47:0] is not pipelined (PREG=0). Pipelining the DSP48 output will improve performance and often saves power so it is suggested whenever possible to fully pipeline this function.  If this DSP48 function was inferred, it is suggested to describe an additional register stage after this function.  If the DSP48 was instantiated in the design, it is suggested to set the PREG attribute to 1.
Related violations: <none>

DPOP-2#1 Warning
MREG Output pipelining  
DSP mips_core/fpu_unit/u_fdiv/mult3_hi multiplier stage mips_core/fpu_unit/u_fdiv/mult3_hi/P[47:0] is not pipelined (MREG=0). Pipelining the multiplier function will improve performance and will save significant power so it is suggested whenever possible to fully pipeline this function.  If this multiplier was inferred, it is suggested to describe an additional register stage after this function.  If there is no registered adder/accumulator following the multiply function, two pipeline stages are suggested to allow both the MREG and PREG registers to be used.  If the DSP48 was instantiated in the design, it is suggested to set both the MREG and PREG attributes to 1 when performing multiply functions.
Related violations: <none>

DPOP-2#2 Warning
MREG Output pipelining  
DSP mips_core/fpu_unit/u_fdiv/mult3_lo multiplier stage mips_core/fpu_unit/u_fdiv/mult3_lo/P[47:0] is not pipelined (MREG=0). Pipelining the multiplier function will improve performance and will save significant power so it is suggested whenever possible to fully pipeline this function.  If this multiplier was inferred, it is suggested to describe an additional register stage after this function.  If there is no registered adder/accumulator following the multiply function, two pipeline stages are suggested to allow both the MREG and PREG registers to be used.  If the DSP48 was instantiated in the design, it is suggested to set both the MREG and PREG attributes to 1 when performing multiply functions.
Related violations: <none>

DPOP-2#3 Warning
MREG Output pipelining  
DSP mips_core/fpu_unit/u_fdiv/stage2_P multiplier stage mips_core/fpu_unit/u_fdiv/stage2_P/P[47:0] is not pipelined (MREG=0). Pipelining the multiplier function will improve performance and will save significant power so it is suggested whenever possible to fully pipeline this function.  If this multiplier was inferred, it is suggested to describe an additional register stage after this function.  If there is no registered adder/accumulator following the multiply function, two pipeline stages are suggested to allow both the MREG and PREG registers to be used.  If the DSP48 was instantiated in the design, it is suggested to set both the MREG and PREG attributes to 1 when performing multiply functions.
Related violations: <none>

DPOP-2#4 Warning
MREG Output pipelining  
DSP mips_core/fpu_unit/u_fmul/s1_prod_reg0 multiplier stage mips_core/fpu_unit/u_fmul/s1_prod_reg0/P[47:0] is not pipelined (MREG=0). Pipelining the multiplier function will improve performance and will save significant power so it is suggested whenever possible to fully pipeline this function.  If this multiplier was inferred, it is suggested to describe an additional register stage after this function.  If there is no registered adder/accumulator following the multiply function, two pipeline stages are suggested to allow both the MREG and PREG registers to be used.  If the DSP48 was instantiated in the design, it is suggested to set both the MREG and PREG attributes to 1 when performing multiply functions.
Related violations: <none>

DPOP-2#5 Warning
MREG Output pipelining  
DSP mips_core/fpu_unit/u_fmul/s1_prod_reg0__0 multiplier stage mips_core/fpu_unit/u_fmul/s1_prod_reg0__0/P[47:0] is not pipelined (MREG=0). Pipelining the multiplier function will improve performance and will save significant power so it is suggested whenever possible to fully pipeline this function.  If this multiplier was inferred, it is suggested to describe an additional register stage after this function.  If there is no registered adder/accumulator following the multiply function, two pipeline stages are suggested to allow both the MREG and PREG registers to be used.  If the DSP48 was instantiated in the design, it is suggested to set both the MREG and PREG attributes to 1 when performing multiply functions.
Related violations: <none>

DPOP-2#6 Warning
MREG Output pipelining  
DSP mips_core/fpu_unit/u_fsqrt/a_x0_reg1__0 multiplier stage mips_core/fpu_unit/u_fsqrt/a_x0_reg1__0/P[47:0] is not pipelined (MREG=0). Pipelining the multiplier function will improve performance and will save significant power so it is suggested whenever possible to fully pipeline this function.  If this multiplier was inferred, it is suggested to describe an additional register stage after this function.  If there is no registered adder/accumulator following the multiply function, two pipeline stages are suggested to allow both the MREG and PREG registers to be used.  If the DSP48 was instantiated in the design, it is suggested to set both the MREG and PREG attributes to 1 when performing multiply functions.
Related violations: <none>

DPOP-2#7 Warning
MREG Output pipelining  
DSP mips_core/fpu_unit/u_fsqrt/delta_reg2__0 multiplier stage mips_core/fpu_unit/u_fsqrt/delta_reg2__0/P[47:0] is not pipelined (MREG=0). Pipelining the multiplier function will improve performance and will save significant power so it is suggested whenever possible to fully pipeline this function.  If this multiplier was inferred, it is suggested to describe an additional register stage after this function.  If there is no registered adder/accumulator following the multiply function, two pipeline stages are suggested to allow both the MREG and PREG registers to be used.  If the DSP48 was instantiated in the design, it is suggested to set both the MREG and PREG attributes to 1 when performing multiply functions.
Related violations: <none>

DPOP-2#8 Warning
MREG Output pipelining  
DSP mips_core/fpu_unit/u_fsqrt/exp_final2 multiplier stage mips_core/fpu_unit/u_fsqrt/exp_final2/P[47:0] is not pipelined (MREG=0). Pipelining the multiplier function will improve performance and will save significant power so it is suggested whenever possible to fully pipeline this function.  If this multiplier was inferred, it is suggested to describe an additional register stage after this function.  If there is no registered adder/accumulator following the multiply function, two pipeline stages are suggested to allow both the MREG and PREG registers to be used.  If the DSP48 was instantiated in the design, it is suggested to set both the MREG and PREG attributes to 1 when performing multiply functions.
Related violations: <none>

DPOR-1#1 Warning
Asynchronous load check  
DSP mips_core/fpu_unit/u_fmul/s1_prod_reg0 output is connected to registers with an asynchronous reset (mips_core/fpu_unit/u_fmul/s1_prod_reg_reg[0]__0). This is preventing the possibility of merging these registers in to the DSP Block since the DSP block registers only possess synchronous reset capability.  It is suggested to recode or change these registers to remove the reset or use a synchronous reset to get the best optimization for performance, power and area.
Related violations: <none>

DPOR-1#2 Warning
Asynchronous load check  
DSP mips_core/fpu_unit/u_fmul/s1_prod_reg0 output is connected to registers with an asynchronous reset (mips_core/fpu_unit/u_fmul/s1_prod_reg_reg[10]__0). This is preventing the possibility of merging these registers in to the DSP Block since the DSP block registers only possess synchronous reset capability.  It is suggested to recode or change these registers to remove the reset or use a synchronous reset to get the best optimization for performance, power and area.
Related violations: <none>

DPOR-1#3 Warning
Asynchronous load check  
DSP mips_core/fpu_unit/u_fmul/s1_prod_reg0 output is connected to registers with an asynchronous reset (mips_core/fpu_unit/u_fmul/s1_prod_reg_reg[11]__0). This is preventing the possibility of merging these registers in to the DSP Block since the DSP block registers only possess synchronous reset capability.  It is suggested to recode or change these registers to remove the reset or use a synchronous reset to get the best optimization for performance, power and area.
Related violations: <none>

DPOR-1#4 Warning
Asynchronous load check  
DSP mips_core/fpu_unit/u_fmul/s1_prod_reg0 output is connected to registers with an asynchronous reset (mips_core/fpu_unit/u_fmul/s1_prod_reg_reg[12]__0). This is preventing the possibility of merging these registers in to the DSP Block since the DSP block registers only possess synchronous reset capability.  It is suggested to recode or change these registers to remove the reset or use a synchronous reset to get the best optimization for performance, power and area.
Related violations: <none>

DPOR-1#5 Warning
Asynchronous load check  
DSP mips_core/fpu_unit/u_fmul/s1_prod_reg0 output is connected to registers with an asynchronous reset (mips_core/fpu_unit/u_fmul/s1_prod_reg_reg[13]__0). This is preventing the possibility of merging these registers in to the DSP Block since the DSP block registers only possess synchronous reset capability.  It is suggested to recode or change these registers to remove the reset or use a synchronous reset to get the best optimization for performance, power and area.
Related violations: <none>

DPOR-1#6 Warning
Asynchronous load check  
DSP mips_core/fpu_unit/u_fmul/s1_prod_reg0 output is connected to registers with an asynchronous reset (mips_core/fpu_unit/u_fmul/s1_prod_reg_reg[14]__0). This is preventing the possibility of merging these registers in to the DSP Block since the DSP block registers only possess synchronous reset capability.  It is suggested to recode or change these registers to remove the reset or use a synchronous reset to get the best optimization for performance, power and area.
Related violations: <none>

DPOR-1#7 Warning
Asynchronous load check  
DSP mips_core/fpu_unit/u_fmul/s1_prod_reg0 output is connected to registers with an asynchronous reset (mips_core/fpu_unit/u_fmul/s1_prod_reg_reg[15]__0). This is preventing the possibility of merging these registers in to the DSP Block since the DSP block registers only possess synchronous reset capability.  It is suggested to recode or change these registers to remove the reset or use a synchronous reset to get the best optimization for performance, power and area.
Related violations: <none>

DPOR-1#8 Warning
Asynchronous load check  
DSP mips_core/fpu_unit/u_fmul/s1_prod_reg0 output is connected to registers with an asynchronous reset (mips_core/fpu_unit/u_fmul/s1_prod_reg_reg[16]__0). This is preventing the possibility of merging these registers in to the DSP Block since the DSP block registers only possess synchronous reset capability.  It is suggested to recode or change these registers to remove the reset or use a synchronous reset to get the best optimization for performance, power and area.
Related violations: <none>

DPOR-1#9 Warning
Asynchronous load check  
DSP mips_core/fpu_unit/u_fmul/s1_prod_reg0 output is connected to registers with an asynchronous reset (mips_core/fpu_unit/u_fmul/s1_prod_reg_reg[1]__0). This is preventing the possibility of merging these registers in to the DSP Block since the DSP block registers only possess synchronous reset capability.  It is suggested to recode or change these registers to remove the reset or use a synchronous reset to get the best optimization for performance, power and area.
Related violations: <none>

DPOR-1#10 Warning
Asynchronous load check  
DSP mips_core/fpu_unit/u_fmul/s1_prod_reg0 output is connected to registers with an asynchronous reset (mips_core/fpu_unit/u_fmul/s1_prod_reg_reg[2]__0). This is preventing the possibility of merging these registers in to the DSP Block since the DSP block registers only possess synchronous reset capability.  It is suggested to recode or change these registers to remove the reset or use a synchronous reset to get the best optimization for performance, power and area.
Related violations: <none>

DPOR-1#11 Warning
Asynchronous load check  
DSP mips_core/fpu_unit/u_fmul/s1_prod_reg0 output is connected to registers with an asynchronous reset (mips_core/fpu_unit/u_fmul/s1_prod_reg_reg[3]__0). This is preventing the possibility of merging these registers in to the DSP Block since the DSP block registers only possess synchronous reset capability.  It is suggested to recode or change these registers to remove the reset or use a synchronous reset to get the best optimization for performance, power and area.
Related violations: <none>

DPOR-1#12 Warning
Asynchronous load check  
DSP mips_core/fpu_unit/u_fmul/s1_prod_reg0 output is connected to registers with an asynchronous reset (mips_core/fpu_unit/u_fmul/s1_prod_reg_reg[4]__0). This is preventing the possibility of merging these registers in to the DSP Block since the DSP block registers only possess synchronous reset capability.  It is suggested to recode or change these registers to remove the reset or use a synchronous reset to get the best optimization for performance, power and area.
Related violations: <none>

DPOR-1#13 Warning
Asynchronous load check  
DSP mips_core/fpu_unit/u_fmul/s1_prod_reg0 output is connected to registers with an asynchronous reset (mips_core/fpu_unit/u_fmul/s1_prod_reg_reg[5]__0). This is preventing the possibility of merging these registers in to the DSP Block since the DSP block registers only possess synchronous reset capability.  It is suggested to recode or change these registers to remove the reset or use a synchronous reset to get the best optimization for performance, power and area.
Related violations: <none>

DPOR-1#14 Warning
Asynchronous load check  
DSP mips_core/fpu_unit/u_fmul/s1_prod_reg0 output is connected to registers with an asynchronous reset (mips_core/fpu_unit/u_fmul/s1_prod_reg_reg[6]__0). This is preventing the possibility of merging these registers in to the DSP Block since the DSP block registers only possess synchronous reset capability.  It is suggested to recode or change these registers to remove the reset or use a synchronous reset to get the best optimization for performance, power and area.
Related violations: <none>

DPOR-1#15 Warning
Asynchronous load check  
DSP mips_core/fpu_unit/u_fmul/s1_prod_reg0 output is connected to registers with an asynchronous reset (mips_core/fpu_unit/u_fmul/s1_prod_reg_reg[7]__0). This is preventing the possibility of merging these registers in to the DSP Block since the DSP block registers only possess synchronous reset capability.  It is suggested to recode or change these registers to remove the reset or use a synchronous reset to get the best optimization for performance, power and area.
Related violations: <none>

DPOR-1#16 Warning
Asynchronous load check  
DSP mips_core/fpu_unit/u_fmul/s1_prod_reg0 output is connected to registers with an asynchronous reset (mips_core/fpu_unit/u_fmul/s1_prod_reg_reg[8]__0). This is preventing the possibility of merging these registers in to the DSP Block since the DSP block registers only possess synchronous reset capability.  It is suggested to recode or change these registers to remove the reset or use a synchronous reset to get the best optimization for performance, power and area.
Related violations: <none>

DPOR-1#17 Warning
Asynchronous load check  
DSP mips_core/fpu_unit/u_fmul/s1_prod_reg0 output is connected to registers with an asynchronous reset (mips_core/fpu_unit/u_fmul/s1_prod_reg_reg[9]__0). This is preventing the possibility of merging these registers in to the DSP Block since the DSP block registers only possess synchronous reset capability.  It is suggested to recode or change these registers to remove the reset or use a synchronous reset to get the best optimization for performance, power and area.
Related violations: <none>

REQP-1709#1 Warning
Clock output buffering  
PLLE2_ADV connectivity violation. The signal cachecontroller_inst/dram_controller/mig/u_mig_7series_0_mig/u_ddr2_infrastructure/pll_clk3_out on the cachecontroller_inst/dram_controller/mig/u_mig_7series_0_mig/u_ddr2_infrastructure/plle2_i/CLKOUT3 pin of cachecontroller_inst/dram_controller/mig/u_mig_7series_0_mig/u_ddr2_infrastructure/plle2_i does not drive the same kind of BUFFER load as the other CLKOUT pins. Routing from the different buffer types will not be phase aligned.
Related violations: <none>

REQP-1839#1 Warning
RAMB36 async control check  
The RAMB36E1 cachecontroller_inst/cache_inst/cache_memory_reg_0 has an input control pin cachecontroller_inst/cache_inst/cache_memory_reg_0/ADDRARDADDR[12] (net: cachecontroller_inst/cache_inst/mem_addr[8]) which is driven by a register (mips_core/ex_mem_reg/o_ALU_Result_reg[10]) that has an active asychronous set or reset. This may cause corruption of the memory contents and/or read values when the set/reset is asserted and is not analyzed by the default static timing analysis. It is suggested to eliminate the use of a set/reset to registers driving this RAMB pin or else use a synchronous reset in which the assertion of the reset is timed by default.
Related violations: <none>

REQP-1839#2 Warning
RAMB36 async control check  
The RAMB36E1 cachecontroller_inst/cache_inst/cache_memory_reg_0 has an input control pin cachecontroller_inst/cache_inst/cache_memory_reg_0/ADDRARDADDR[12] (net: cachecontroller_inst/cache_inst/mem_addr[8]) which is driven by a register (mips_core/ex_mem_reg/o_MemRead_reg) that has an active asychronous set or reset. This may cause corruption of the memory contents and/or read values when the set/reset is asserted and is not analyzed by the default static timing analysis. It is suggested to eliminate the use of a set/reset to registers driving this RAMB pin or else use a synchronous reset in which the assertion of the reset is timed by default.
Related violations: <none>

REQP-1839#3 Warning
RAMB36 async control check  
The RAMB36E1 cachecontroller_inst/cache_inst/cache_memory_reg_0 has an input control pin cachecontroller_inst/cache_inst/cache_memory_reg_0/ADDRARDADDR[13] (net: cachecontroller_inst/cache_inst/mem_addr[9]) which is driven by a register (mips_core/ex_mem_reg/o_ALU_Result_reg[11]) that has an active asychronous set or reset. This may cause corruption of the memory contents and/or read values when the set/reset is asserted and is not analyzed by the default static timing analysis. It is suggested to eliminate the use of a set/reset to registers driving this RAMB pin or else use a synchronous reset in which the assertion of the reset is timed by default.
Related violations: <none>

REQP-1839#4 Warning
RAMB36 async control check  
The RAMB36E1 cachecontroller_inst/cache_inst/cache_memory_reg_0 has an input control pin cachecontroller_inst/cache_inst/cache_memory_reg_0/ADDRARDADDR[13] (net: cachecontroller_inst/cache_inst/mem_addr[9]) which is driven by a register (mips_core/ex_mem_reg/o_MemRead_reg) that has an active asychronous set or reset. This may cause corruption of the memory contents and/or read values when the set/reset is asserted and is not analyzed by the default static timing analysis. It is suggested to eliminate the use of a set/reset to registers driving this RAMB pin or else use a synchronous reset in which the assertion of the reset is timed by default.
Related violations: <none>

REQP-1839#5 Warning
RAMB36 async control check  
The RAMB36E1 cachecontroller_inst/cache_inst/cache_memory_reg_0 has an input control pin cachecontroller_inst/cache_inst/cache_memory_reg_0/ADDRARDADDR[13] (net: cachecontroller_inst/cache_inst/mem_addr[9]) which is driven by a register (mips_core/ex_mem_reg/o_MemWrite_reg) that has an active asychronous set or reset. This may cause corruption of the memory contents and/or read values when the set/reset is asserted and is not analyzed by the default static timing analysis. It is suggested to eliminate the use of a set/reset to registers driving this RAMB pin or else use a synchronous reset in which the assertion of the reset is timed by default.
Related violations: <none>

REQP-1839#6 Warning
RAMB36 async control check  
The RAMB36E1 cachecontroller_inst/cache_inst/cache_memory_reg_0 has an input control pin cachecontroller_inst/cache_inst/cache_memory_reg_0/ADDRARDADDR[13] (net: cachecontroller_inst/cache_inst/mem_addr[9]) which is driven by a register (mips_core/pc_unit/PC_out_reg[11]) that has an active asychronous set or reset. This may cause corruption of the memory contents and/or read values when the set/reset is asserted and is not analyzed by the default static timing analysis. It is suggested to eliminate the use of a set/reset to registers driving this RAMB pin or else use a synchronous reset in which the assertion of the reset is timed by default.
Related violations: <none>

REQP-1839#7 Warning
RAMB36 async control check  
The RAMB36E1 cachecontroller_inst/cache_inst/cache_memory_reg_0 has an input control pin cachecontroller_inst/cache_inst/cache_memory_reg_0/ADDRARDADDR[13] (net: cachecontroller_inst/cache_inst/mem_addr[9]) which is driven by a register (mips_core/pc_unit/PC_out_reg[18]) that has an active asychronous set or reset. This may cause corruption of the memory contents and/or read values when the set/reset is asserted and is not analyzed by the default static timing analysis. It is suggested to eliminate the use of a set/reset to registers driving this RAMB pin or else use a synchronous reset in which the assertion of the reset is timed by default.
Related violations: <none>

REQP-1839#8 Warning
RAMB36 async control check  
The RAMB36E1 cachecontroller_inst/cache_inst/cache_memory_reg_0 has an input control pin cachecontroller_inst/cache_inst/cache_memory_reg_0/ADDRARDADDR[13] (net: cachecontroller_inst/cache_inst/mem_addr[9]) which is driven by a register (mips_core/pc_unit/PC_out_reg[19]) that has an active asychronous set or reset. This may cause corruption of the memory contents and/or read values when the set/reset is asserted and is not analyzed by the default static timing analysis. It is suggested to eliminate the use of a set/reset to registers driving this RAMB pin or else use a synchronous reset in which the assertion of the reset is timed by default.
Related violations: <none>

REQP-1839#9 Warning
RAMB36 async control check  
The RAMB36E1 cachecontroller_inst/cache_inst/cache_memory_reg_0 has an input control pin cachecontroller_inst/cache_inst/cache_memory_reg_0/ADDRARDADDR[13] (net: cachecontroller_inst/cache_inst/mem_addr[9]) which is driven by a register (mips_core/pc_unit/PC_out_reg[20]) that has an active asychronous set or reset. This may cause corruption of the memory contents and/or read values when the set/reset is asserted and is not analyzed by the default static timing analysis. It is suggested to eliminate the use of a set/reset to registers driving this RAMB pin or else use a synchronous reset in which the assertion of the reset is timed by default.
Related violations: <none>

REQP-1839#10 Warning
RAMB36 async control check  
The RAMB36E1 cachecontroller_inst/cache_inst/cache_memory_reg_0 has an input control pin cachecontroller_inst/cache_inst/cache_memory_reg_0/ADDRARDADDR[13] (net: cachecontroller_inst/cache_inst/mem_addr[9]) which is driven by a register (mips_core/pc_unit/PC_out_reg[21]) that has an active asychronous set or reset. This may cause corruption of the memory contents and/or read values when the set/reset is asserted and is not analyzed by the default static timing analysis. It is suggested to eliminate the use of a set/reset to registers driving this RAMB pin or else use a synchronous reset in which the assertion of the reset is timed by default.
Related violations: <none>

REQP-1839#11 Warning
RAMB36 async control check  
The RAMB36E1 cachecontroller_inst/cache_inst/cache_memory_reg_0 has an input control pin cachecontroller_inst/cache_inst/cache_memory_reg_0/ADDRARDADDR[13] (net: cachecontroller_inst/cache_inst/mem_addr[9]) which is driven by a register (mips_core/pc_unit/PC_out_reg[22]) that has an active asychronous set or reset. This may cause corruption of the memory contents and/or read values when the set/reset is asserted and is not analyzed by the default static timing analysis. It is suggested to eliminate the use of a set/reset to registers driving this RAMB pin or else use a synchronous reset in which the assertion of the reset is timed by default.
Related violations: <none>

REQP-1839#12 Warning
RAMB36 async control check  
The RAMB36E1 cachecontroller_inst/cache_inst/cache_memory_reg_0 has an input control pin cachecontroller_inst/cache_inst/cache_memory_reg_0/ADDRARDADDR[13] (net: cachecontroller_inst/cache_inst/mem_addr[9]) which is driven by a register (mips_core/pc_unit/PC_out_reg[23]) that has an active asychronous set or reset. This may cause corruption of the memory contents and/or read values when the set/reset is asserted and is not analyzed by the default static timing analysis. It is suggested to eliminate the use of a set/reset to registers driving this RAMB pin or else use a synchronous reset in which the assertion of the reset is timed by default.
Related violations: <none>

REQP-1839#13 Warning
RAMB36 async control check  
The RAMB36E1 cachecontroller_inst/cache_inst/cache_memory_reg_0 has an input control pin cachecontroller_inst/cache_inst/cache_memory_reg_0/ADDRARDADDR[13] (net: cachecontroller_inst/cache_inst/mem_addr[9]) which is driven by a register (mips_core/pc_unit/PC_out_reg[24]) that has an active asychronous set or reset. This may cause corruption of the memory contents and/or read values when the set/reset is asserted and is not analyzed by the default static timing analysis. It is suggested to eliminate the use of a set/reset to registers driving this RAMB pin or else use a synchronous reset in which the assertion of the reset is timed by default.
Related violations: <none>

REQP-1839#14 Warning
RAMB36 async control check  
The RAMB36E1 cachecontroller_inst/cache_inst/cache_memory_reg_0 has an input control pin cachecontroller_inst/cache_inst/cache_memory_reg_0/ADDRARDADDR[13] (net: cachecontroller_inst/cache_inst/mem_addr[9]) which is driven by a register (mips_core/pc_unit/PC_out_reg[25]) that has an active asychronous set or reset. This may cause corruption of the memory contents and/or read values when the set/reset is asserted and is not analyzed by the default static timing analysis. It is suggested to eliminate the use of a set/reset to registers driving this RAMB pin or else use a synchronous reset in which the assertion of the reset is timed by default.
Related violations: <none>

REQP-1839#15 Warning
RAMB36 async control check  
The RAMB36E1 cachecontroller_inst/cache_inst/cache_memory_reg_0 has an input control pin cachecontroller_inst/cache_inst/cache_memory_reg_0/ADDRARDADDR[13] (net: cachecontroller_inst/cache_inst/mem_addr[9]) which is driven by a register (mips_core/pc_unit/PC_out_reg[26]) that has an active asychronous set or reset. This may cause corruption of the memory contents and/or read values when the set/reset is asserted and is not analyzed by the default static timing analysis. It is suggested to eliminate the use of a set/reset to registers driving this RAMB pin or else use a synchronous reset in which the assertion of the reset is timed by default.
Related violations: <none>

REQP-1839#16 Warning
RAMB36 async control check  
The RAMB36E1 cachecontroller_inst/cache_inst/cache_memory_reg_0 has an input control pin cachecontroller_inst/cache_inst/cache_memory_reg_0/ADDRARDADDR[13] (net: cachecontroller_inst/cache_inst/mem_addr[9]) which is driven by a register (mips_core/pc_unit/PC_out_reg[27]) that has an active asychronous set or reset. This may cause corruption of the memory contents and/or read values when the set/reset is asserted and is not analyzed by the default static timing analysis. It is suggested to eliminate the use of a set/reset to registers driving this RAMB pin or else use a synchronous reset in which the assertion of the reset is timed by default.
Related violations: <none>

REQP-1839#17 Warning
RAMB36 async control check  
The RAMB36E1 cachecontroller_inst/cache_inst/cache_memory_reg_0 has an input control pin cachecontroller_inst/cache_inst/cache_memory_reg_0/ADDRARDADDR[13] (net: cachecontroller_inst/cache_inst/mem_addr[9]) which is driven by a register (mips_core/pc_unit/PC_out_reg[28]) that has an active asychronous set or reset. This may cause corruption of the memory contents and/or read values when the set/reset is asserted and is not analyzed by the default static timing analysis. It is suggested to eliminate the use of a set/reset to registers driving this RAMB pin or else use a synchronous reset in which the assertion of the reset is timed by default.
Related violations: <none>

REQP-1839#18 Warning
RAMB36 async control check  
The RAMB36E1 cachecontroller_inst/cache_inst/cache_memory_reg_0 has an input control pin cachecontroller_inst/cache_inst/cache_memory_reg_0/ADDRARDADDR[13] (net: cachecontroller_inst/cache_inst/mem_addr[9]) which is driven by a register (mips_core/pc_unit/PC_out_reg[29]) that has an active asychronous set or reset. This may cause corruption of the memory contents and/or read values when the set/reset is asserted and is not analyzed by the default static timing analysis. It is suggested to eliminate the use of a set/reset to registers driving this RAMB pin or else use a synchronous reset in which the assertion of the reset is timed by default.
Related violations: <none>

REQP-1839#19 Warning
RAMB36 async control check  
The RAMB36E1 cachecontroller_inst/cache_inst/cache_memory_reg_0 has an input control pin cachecontroller_inst/cache_inst/cache_memory_reg_0/ADDRARDADDR[13] (net: cachecontroller_inst/cache_inst/mem_addr[9]) which is driven by a register (mips_core/pc_unit/PC_out_reg[30]) that has an active asychronous set or reset. This may cause corruption of the memory contents and/or read values when the set/reset is asserted and is not analyzed by the default static timing analysis. It is suggested to eliminate the use of a set/reset to registers driving this RAMB pin or else use a synchronous reset in which the assertion of the reset is timed by default.
Related violations: <none>

REQP-1839#20 Warning
RAMB36 async control check  
The RAMB36E1 cachecontroller_inst/cache_inst/cache_memory_reg_0 has an input control pin cachecontroller_inst/cache_inst/cache_memory_reg_0/ADDRARDADDR[13] (net: cachecontroller_inst/cache_inst/mem_addr[9]) which is driven by a register (mips_core/pc_unit/PC_out_reg[31]) that has an active asychronous set or reset. This may cause corruption of the memory contents and/or read values when the set/reset is asserted and is not analyzed by the default static timing analysis. It is suggested to eliminate the use of a set/reset to registers driving this RAMB pin or else use a synchronous reset in which the assertion of the reset is timed by default.
Related violations: <none>

REQP-1840#1 Warning
RAMB18 async control check  
The RAMB18E1 cachecontroller_inst/cache_inst/cache_tag_reg has an input control pin cachecontroller_inst/cache_inst/cache_tag_reg/ADDRARDADDR[11] (net: cachecontroller_inst/cache_inst/mem_addr[8]) which is driven by a register (mips_core/ex_mem_reg/o_ALU_Result_reg[10]) that has an active asychronous set or reset. This may cause corruption of the memory contents and/or read values when the set/reset is asserted and is not analyzed by the default static timing analysis. It is suggested to eliminate the use of a set/reset to registers driving this RAMB pin or else use a synchronous reset in which the assertion of the reset is timed by default.
Related violations: <none>

REQP-1840#2 Warning
RAMB18 async control check  
The RAMB18E1 cachecontroller_inst/cache_inst/cache_tag_reg has an input control pin cachecontroller_inst/cache_inst/cache_tag_reg/ADDRARDADDR[11] (net: cachecontroller_inst/cache_inst/mem_addr[8]) which is driven by a register (mips_core/ex_mem_reg/o_MemRead_reg) that has an active asychronous set or reset. This may cause corruption of the memory contents and/or read values when the set/reset is asserted and is not analyzed by the default static timing analysis. It is suggested to eliminate the use of a set/reset to registers driving this RAMB pin or else use a synchronous reset in which the assertion of the reset is timed by default.
Related violations: <none>

REQP-1840#3 Warning
RAMB18 async control check  
The RAMB18E1 cachecontroller_inst/cache_inst/cache_tag_reg has an input control pin cachecontroller_inst/cache_inst/cache_tag_reg/ADDRARDADDR[12] (net: cachecontroller_inst/cache_inst/mem_addr[9]) which is driven by a register (mips_core/ex_mem_reg/o_ALU_Result_reg[11]) that has an active asychronous set or reset. This may cause corruption of the memory contents and/or read values when the set/reset is asserted and is not analyzed by the default static timing analysis. It is suggested to eliminate the use of a set/reset to registers driving this RAMB pin or else use a synchronous reset in which the assertion of the reset is timed by default.
Related violations: <none>

REQP-1840#4 Warning
RAMB18 async control check  
The RAMB18E1 cachecontroller_inst/cache_inst/cache_tag_reg has an input control pin cachecontroller_inst/cache_inst/cache_tag_reg/ADDRARDADDR[12] (net: cachecontroller_inst/cache_inst/mem_addr[9]) which is driven by a register (mips_core/ex_mem_reg/o_MemRead_reg) that has an active asychronous set or reset. This may cause corruption of the memory contents and/or read values when the set/reset is asserted and is not analyzed by the default static timing analysis. It is suggested to eliminate the use of a set/reset to registers driving this RAMB pin or else use a synchronous reset in which the assertion of the reset is timed by default.
Related violations: <none>

REQP-1840#5 Warning
RAMB18 async control check  
The RAMB18E1 cachecontroller_inst/cache_inst/cache_tag_reg has an input control pin cachecontroller_inst/cache_inst/cache_tag_reg/ADDRARDADDR[12] (net: cachecontroller_inst/cache_inst/mem_addr[9]) which is driven by a register (mips_core/ex_mem_reg/o_MemWrite_reg) that has an active asychronous set or reset. This may cause corruption of the memory contents and/or read values when the set/reset is asserted and is not analyzed by the default static timing analysis. It is suggested to eliminate the use of a set/reset to registers driving this RAMB pin or else use a synchronous reset in which the assertion of the reset is timed by default.
Related violations: <none>

REQP-1840#6 Warning
RAMB18 async control check  
The RAMB18E1 cachecontroller_inst/cache_inst/cache_tag_reg has an input control pin cachecontroller_inst/cache_inst/cache_tag_reg/ADDRARDADDR[12] (net: cachecontroller_inst/cache_inst/mem_addr[9]) which is driven by a register (mips_core/pc_unit/PC_out_reg[11]) that has an active asychronous set or reset. This may cause corruption of the memory contents and/or read values when the set/reset is asserted and is not analyzed by the default static timing analysis. It is suggested to eliminate the use of a set/reset to registers driving this RAMB pin or else use a synchronous reset in which the assertion of the reset is timed by default.
Related violations: <none>

REQP-1840#7 Warning
RAMB18 async control check  
The RAMB18E1 cachecontroller_inst/cache_inst/cache_tag_reg has an input control pin cachecontroller_inst/cache_inst/cache_tag_reg/ADDRARDADDR[12] (net: cachecontroller_inst/cache_inst/mem_addr[9]) which is driven by a register (mips_core/pc_unit/PC_out_reg[18]) that has an active asychronous set or reset. This may cause corruption of the memory contents and/or read values when the set/reset is asserted and is not analyzed by the default static timing analysis. It is suggested to eliminate the use of a set/reset to registers driving this RAMB pin or else use a synchronous reset in which the assertion of the reset is timed by default.
Related violations: <none>

REQP-1840#8 Warning
RAMB18 async control check  
The RAMB18E1 cachecontroller_inst/cache_inst/cache_tag_reg has an input control pin cachecontroller_inst/cache_inst/cache_tag_reg/ADDRARDADDR[12] (net: cachecontroller_inst/cache_inst/mem_addr[9]) which is driven by a register (mips_core/pc_unit/PC_out_reg[19]) that has an active asychronous set or reset. This may cause corruption of the memory contents and/or read values when the set/reset is asserted and is not analyzed by the default static timing analysis. It is suggested to eliminate the use of a set/reset to registers driving this RAMB pin or else use a synchronous reset in which the assertion of the reset is timed by default.
Related violations: <none>

REQP-1840#9 Warning
RAMB18 async control check  
The RAMB18E1 cachecontroller_inst/cache_inst/cache_tag_reg has an input control pin cachecontroller_inst/cache_inst/cache_tag_reg/ADDRARDADDR[12] (net: cachecontroller_inst/cache_inst/mem_addr[9]) which is driven by a register (mips_core/pc_unit/PC_out_reg[20]) that has an active asychronous set or reset. This may cause corruption of the memory contents and/or read values when the set/reset is asserted and is not analyzed by the default static timing analysis. It is suggested to eliminate the use of a set/reset to registers driving this RAMB pin or else use a synchronous reset in which the assertion of the reset is timed by default.
Related violations: <none>

REQP-1840#10 Warning
RAMB18 async control check  
The RAMB18E1 cachecontroller_inst/cache_inst/cache_tag_reg has an input control pin cachecontroller_inst/cache_inst/cache_tag_reg/ADDRARDADDR[12] (net: cachecontroller_inst/cache_inst/mem_addr[9]) which is driven by a register (mips_core/pc_unit/PC_out_reg[21]) that has an active asychronous set or reset. This may cause corruption of the memory contents and/or read values when the set/reset is asserted and is not analyzed by the default static timing analysis. It is suggested to eliminate the use of a set/reset to registers driving this RAMB pin or else use a synchronous reset in which the assertion of the reset is timed by default.
Related violations: <none>

REQP-1840#11 Warning
RAMB18 async control check  
The RAMB18E1 cachecontroller_inst/cache_inst/cache_tag_reg has an input control pin cachecontroller_inst/cache_inst/cache_tag_reg/ADDRARDADDR[12] (net: cachecontroller_inst/cache_inst/mem_addr[9]) which is driven by a register (mips_core/pc_unit/PC_out_reg[22]) that has an active asychronous set or reset. This may cause corruption of the memory contents and/or read values when the set/reset is asserted and is not analyzed by the default static timing analysis. It is suggested to eliminate the use of a set/reset to registers driving this RAMB pin or else use a synchronous reset in which the assertion of the reset is timed by default.
Related violations: <none>

REQP-1840#12 Warning
RAMB18 async control check  
The RAMB18E1 cachecontroller_inst/cache_inst/cache_tag_reg has an input control pin cachecontroller_inst/cache_inst/cache_tag_reg/ADDRARDADDR[12] (net: cachecontroller_inst/cache_inst/mem_addr[9]) which is driven by a register (mips_core/pc_unit/PC_out_reg[23]) that has an active asychronous set or reset. This may cause corruption of the memory contents and/or read values when the set/reset is asserted and is not analyzed by the default static timing analysis. It is suggested to eliminate the use of a set/reset to registers driving this RAMB pin or else use a synchronous reset in which the assertion of the reset is timed by default.
Related violations: <none>

REQP-1840#13 Warning
RAMB18 async control check  
The RAMB18E1 cachecontroller_inst/cache_inst/cache_tag_reg has an input control pin cachecontroller_inst/cache_inst/cache_tag_reg/ADDRARDADDR[12] (net: cachecontroller_inst/cache_inst/mem_addr[9]) which is driven by a register (mips_core/pc_unit/PC_out_reg[24]) that has an active asychronous set or reset. This may cause corruption of the memory contents and/or read values when the set/reset is asserted and is not analyzed by the default static timing analysis. It is suggested to eliminate the use of a set/reset to registers driving this RAMB pin or else use a synchronous reset in which the assertion of the reset is timed by default.
Related violations: <none>

REQP-1840#14 Warning
RAMB18 async control check  
The RAMB18E1 cachecontroller_inst/cache_inst/cache_tag_reg has an input control pin cachecontroller_inst/cache_inst/cache_tag_reg/ADDRARDADDR[12] (net: cachecontroller_inst/cache_inst/mem_addr[9]) which is driven by a register (mips_core/pc_unit/PC_out_reg[25]) that has an active asychronous set or reset. This may cause corruption of the memory contents and/or read values when the set/reset is asserted and is not analyzed by the default static timing analysis. It is suggested to eliminate the use of a set/reset to registers driving this RAMB pin or else use a synchronous reset in which the assertion of the reset is timed by default.
Related violations: <none>

REQP-1840#15 Warning
RAMB18 async control check  
The RAMB18E1 cachecontroller_inst/cache_inst/cache_tag_reg has an input control pin cachecontroller_inst/cache_inst/cache_tag_reg/ADDRARDADDR[12] (net: cachecontroller_inst/cache_inst/mem_addr[9]) which is driven by a register (mips_core/pc_unit/PC_out_reg[26]) that has an active asychronous set or reset. This may cause corruption of the memory contents and/or read values when the set/reset is asserted and is not analyzed by the default static timing analysis. It is suggested to eliminate the use of a set/reset to registers driving this RAMB pin or else use a synchronous reset in which the assertion of the reset is timed by default.
Related violations: <none>

REQP-1840#16 Warning
RAMB18 async control check  
The RAMB18E1 cachecontroller_inst/cache_inst/cache_tag_reg has an input control pin cachecontroller_inst/cache_inst/cache_tag_reg/ADDRARDADDR[12] (net: cachecontroller_inst/cache_inst/mem_addr[9]) which is driven by a register (mips_core/pc_unit/PC_out_reg[27]) that has an active asychronous set or reset. This may cause corruption of the memory contents and/or read values when the set/reset is asserted and is not analyzed by the default static timing analysis. It is suggested to eliminate the use of a set/reset to registers driving this RAMB pin or else use a synchronous reset in which the assertion of the reset is timed by default.
Related violations: <none>

REQP-1840#17 Warning
RAMB18 async control check  
The RAMB18E1 cachecontroller_inst/cache_inst/cache_tag_reg has an input control pin cachecontroller_inst/cache_inst/cache_tag_reg/ADDRARDADDR[12] (net: cachecontroller_inst/cache_inst/mem_addr[9]) which is driven by a register (mips_core/pc_unit/PC_out_reg[28]) that has an active asychronous set or reset. This may cause corruption of the memory contents and/or read values when the set/reset is asserted and is not analyzed by the default static timing analysis. It is suggested to eliminate the use of a set/reset to registers driving this RAMB pin or else use a synchronous reset in which the assertion of the reset is timed by default.
Related violations: <none>

REQP-1840#18 Warning
RAMB18 async control check  
The RAMB18E1 cachecontroller_inst/cache_inst/cache_tag_reg has an input control pin cachecontroller_inst/cache_inst/cache_tag_reg/ADDRARDADDR[12] (net: cachecontroller_inst/cache_inst/mem_addr[9]) which is driven by a register (mips_core/pc_unit/PC_out_reg[29]) that has an active asychronous set or reset. This may cause corruption of the memory contents and/or read values when the set/reset is asserted and is not analyzed by the default static timing analysis. It is suggested to eliminate the use of a set/reset to registers driving this RAMB pin or else use a synchronous reset in which the assertion of the reset is timed by default.
Related violations: <none>

REQP-1840#19 Warning
RAMB18 async control check  
The RAMB18E1 cachecontroller_inst/cache_inst/cache_tag_reg has an input control pin cachecontroller_inst/cache_inst/cache_tag_reg/ADDRARDADDR[12] (net: cachecontroller_inst/cache_inst/mem_addr[9]) which is driven by a register (mips_core/pc_unit/PC_out_reg[30]) that has an active asychronous set or reset. This may cause corruption of the memory contents and/or read values when the set/reset is asserted and is not analyzed by the default static timing analysis. It is suggested to eliminate the use of a set/reset to registers driving this RAMB pin or else use a synchronous reset in which the assertion of the reset is timed by default.
Related violations: <none>

REQP-1840#20 Warning
RAMB18 async control check  
The RAMB18E1 cachecontroller_inst/cache_inst/cache_tag_reg has an input control pin cachecontroller_inst/cache_inst/cache_tag_reg/ADDRARDADDR[12] (net: cachecontroller_inst/cache_inst/mem_addr[9]) which is driven by a register (mips_core/pc_unit/PC_out_reg[31]) that has an active asychronous set or reset. This may cause corruption of the memory contents and/or read values when the set/reset is asserted and is not analyzed by the default static timing analysis. It is suggested to eliminate the use of a set/reset to registers driving this RAMB pin or else use a synchronous reset in which the assertion of the reset is timed by default.
Related violations: <none>


