#-----------------------------------------------------------
# Vivado v2020.2 (64-bit)
# SW Build 3064766 on Wed Nov 18 09:12:45 MST 2020
# IP Build 3064653 on Wed Nov 18 14:17:31 MST 2020
# Start of session at: Mon Mar  9 18:30:04 2026
# Process ID: 22940
# Current directory: C:/Users/hayab/CPU_EXPERIMENT/CPU_CORE_SINGLE_PIPELINE_cashe/project_1
# Command line: vivado.exe -gui_launcher_event rodinguilauncherevent24792 C:\Users\hayab\CPU_EXPERIMENT\CPU_CORE_SINGLE_PIPELINE_cashe\project_1\project_1.xpr
# Log file: C:/Users/hayab/CPU_EXPERIMENT/CPU_CORE_SINGLE_PIPELINE_cashe/project_1/vivado.log
# Journal file: C:/Users/hayab/CPU_EXPERIMENT/CPU_CORE_SINGLE_PIPELINE_cashe/project_1\vivado.jou
#-----------------------------------------------------------
start_gui
open_project C:/Users/hayab/CPU_EXPERIMENT/CPU_CORE_SINGLE_PIPELINE_cashe/project_1/project_1.xpr
Scanning sources...
Finished scanning sources
INFO: [IP_Flow 19-234] Refreshing IP repositories
INFO: [IP_Flow 19-1704] No user IP repositories specified
INFO: [IP_Flow 19-2313] Loaded Vivado IP repository 'C:/Xilinx/Vivado/2020.2/data/ip'.
open_project: Time (s): cpu = 00:00:22 ; elapsed = 00:00:12 . Memory (MB): peak = 1017.191 ; gain = 0.000
update_compile_order -fileset sources_1
set_property -dict [list CONFIG.CLKOUT2_REQUESTED_OUT_FREQ {25.00000}] [g